{"C:\\Users\\Maurice\\Desktop\\WayFarer\\server\\spec\\test.js":{"path":"C:\\Users\\Maurice\\Desktop\\WayFarer\\server\\spec\\test.js","statementMap":{"0":{"start":{"line":3,"column":12},"end":{"line":3,"column":51}},"1":{"start":{"line":5,"column":17},"end":{"line":5,"column":61}},"2":{"start":{"line":7,"column":11},"end":{"line":7,"column":52}},"3":{"start":{"line":9,"column":10},"end":{"line":9,"column":58}},"4":{"start":{"line":11,"column":39},"end":{"line":11,"column":95}},"5":{"start":{"line":13,"column":13},"end":{"line":13,"column":36}},"6":{"start":{"line":14,"column":14},"end":{"line":14,"column":57}},"7":{"start":{"line":16,"column":17},"end":{"line":16,"column":34}},"8":{"start":{"line":17,"column":0},"end":{"line":320,"column":3}},"9":{"start":{"line":24,"column":2},"end":{"line":319,"column":5}},"10":{"start":{"line":25,"column":4},"end":{"line":33,"column":7}},"11":{"start":{"line":26,"column":6},"end":{"line":32,"column":9}},"12":{"start":{"line":27,"column":8},"end":{"line":29,"column":11}},"13":{"start":{"line":30,"column":8},"end":{"line":30,"column":27}},"14":{"start":{"line":30,"column":17},"end":{"line":30,"column":27}},"15":{"start":{"line":31,"column":8},"end":{"line":31,"column":15}},"16":{"start":{"line":34,"column":4},"end":{"line":45,"column":7}},"17":{"start":{"line":35,"column":6},"end":{"line":44,"column":9}},"18":{"start":{"line":36,"column":8},"end":{"line":43,"column":11}},"19":{"start":{"line":37,"column":10},"end":{"line":40,"column":13}},"20":{"start":{"line":41,"column":10},"end":{"line":41,"column":29}},"21":{"start":{"line":41,"column":19},"end":{"line":41,"column":29}},"22":{"start":{"line":42,"column":10},"end":{"line":42,"column":17}},"23":{"start":{"line":46,"column":4},"end":{"line":55,"column":7}},"24":{"start":{"line":47,"column":6},"end":{"line":54,"column":9}},"25":{"start":{"line":48,"column":8},"end":{"line":53,"column":11}},"26":{"start":{"line":49,"column":10},"end":{"line":49,"column":54}},"27":{"start":{"line":50,"column":10},"end":{"line":50,"column":55}},"28":{"start":{"line":51,"column":10},"end":{"line":51,"column":29}},"29":{"start":{"line":51,"column":19},"end":{"line":51,"column":29}},"30":{"start":{"line":52,"column":10},"end":{"line":52,"column":17}},"31":{"start":{"line":56,"column":4},"end":{"line":318,"column":7}},"32":{"start":{"line":57,"column":6},"end":{"line":84,"column":9}},"33":{"start":{"line":58,"column":8},"end":{"line":70,"column":11}},"34":{"start":{"line":59,"column":28},"end":{"line":64,"column":11}},"35":{"start":{"line":65,"column":10},"end":{"line":69,"column":13}},"36":{"start":{"line":66,"column":12},"end":{"line":66,"column":56}},"37":{"start":{"line":67,"column":12},"end":{"line":67,"column":53}},"38":{"start":{"line":68,"column":12},"end":{"line":68,"column":19}},"39":{"start":{"line":71,"column":8},"end":{"line":83,"column":11}},"40":{"start":{"line":72,"column":28},"end":{"line":77,"column":11}},"41":{"start":{"line":78,"column":10},"end":{"line":82,"column":13}},"42":{"start":{"line":79,"column":12},"end":{"line":79,"column":56}},"43":{"start":{"line":80,"column":12},"end":{"line":80,"column":57}},"44":{"start":{"line":81,"column":12},"end":{"line":81,"column":19}},"45":{"start":{"line":85,"column":6},"end":{"line":91,"column":9}},"46":{"start":{"line":86,"column":8},"end":{"line":90,"column":11}},"47":{"start":{"line":87,"column":10},"end":{"line":87,"column":54}},"48":{"start":{"line":88,"column":10},"end":{"line":88,"column":55}},"49":{"start":{"line":89,"column":10},"end":{"line":89,"column":17}},"50":{"start":{"line":92,"column":6},"end":{"line":105,"column":9}},"51":{"start":{"line":93,"column":8},"end":{"line":104,"column":11}},"52":{"start":{"line":99,"column":10},"end":{"line":99,"column":69}},"53":{"start":{"line":100,"column":10},"end":{"line":100,"column":68}},"54":{"start":{"line":101,"column":10},"end":{"line":101,"column":65}},"55":{"start":{"line":102,"column":10},"end":{"line":102,"column":68}},"56":{"start":{"line":103,"column":10},"end":{"line":103,"column":17}},"57":{"start":{"line":106,"column":6},"end":{"line":119,"column":9}},"58":{"start":{"line":107,"column":8},"end":{"line":118,"column":11}},"59":{"start":{"line":113,"column":10},"end":{"line":113,"column":69}},"60":{"start":{"line":114,"column":10},"end":{"line":114,"column":68}},"61":{"start":{"line":115,"column":10},"end":{"line":115,"column":65}},"62":{"start":{"line":116,"column":10},"end":{"line":116,"column":68}},"63":{"start":{"line":117,"column":10},"end":{"line":117,"column":17}},"64":{"start":{"line":120,"column":6},"end":{"line":317,"column":9}},"65":{"start":{"line":121,"column":8},"end":{"line":130,"column":11}},"66":{"start":{"line":122,"column":10},"end":{"line":129,"column":13}},"67":{"start":{"line":126,"column":12},"end":{"line":126,"column":56}},"68":{"start":{"line":127,"column":12},"end":{"line":127,"column":57}},"69":{"start":{"line":128,"column":12},"end":{"line":128,"column":19}},"70":{"start":{"line":131,"column":8},"end":{"line":137,"column":11}},"71":{"start":{"line":132,"column":10},"end":{"line":136,"column":13}},"72":{"start":{"line":133,"column":12},"end":{"line":133,"column":56}},"73":{"start":{"line":134,"column":12},"end":{"line":134,"column":57}},"74":{"start":{"line":135,"column":12},"end":{"line":135,"column":19}},"75":{"start":{"line":138,"column":8},"end":{"line":147,"column":11}},"76":{"start":{"line":139,"column":10},"end":{"line":146,"column":13}},"77":{"start":{"line":143,"column":12},"end":{"line":143,"column":66}},"78":{"start":{"line":144,"column":12},"end":{"line":144,"column":69}},"79":{"start":{"line":145,"column":12},"end":{"line":145,"column":19}},"80":{"start":{"line":148,"column":8},"end":{"line":157,"column":11}},"81":{"start":{"line":149,"column":10},"end":{"line":156,"column":13}},"82":{"start":{"line":153,"column":12},"end":{"line":153,"column":66}},"83":{"start":{"line":154,"column":12},"end":{"line":154,"column":69}},"84":{"start":{"line":155,"column":12},"end":{"line":155,"column":19}},"85":{"start":{"line":158,"column":8},"end":{"line":168,"column":11}},"86":{"start":{"line":159,"column":25},"end":{"line":162,"column":11}},"87":{"start":{"line":163,"column":10},"end":{"line":167,"column":13}},"88":{"start":{"line":164,"column":12},"end":{"line":164,"column":42}},"89":{"start":{"line":165,"column":12},"end":{"line":165,"column":56}},"90":{"start":{"line":166,"column":12},"end":{"line":166,"column":19}},"91":{"start":{"line":169,"column":8},"end":{"line":174,"column":11}},"92":{"start":{"line":170,"column":10},"end":{"line":173,"column":13}},"93":{"start":{"line":171,"column":12},"end":{"line":171,"column":57}},"94":{"start":{"line":172,"column":12},"end":{"line":172,"column":19}},"95":{"start":{"line":176,"column":8},"end":{"line":316,"column":11}},"96":{"start":{"line":177,"column":10},"end":{"line":183,"column":13}},"97":{"start":{"line":178,"column":12},"end":{"line":182,"column":15}},"98":{"start":{"line":179,"column":14},"end":{"line":179,"column":58}},"99":{"start":{"line":180,"column":14},"end":{"line":180,"column":59}},"100":{"start":{"line":181,"column":14},"end":{"line":181,"column":21}},"101":{"start":{"line":184,"column":10},"end":{"line":190,"column":13}},"102":{"start":{"line":185,"column":12},"end":{"line":189,"column":15}},"103":{"start":{"line":186,"column":14},"end":{"line":186,"column":58}},"104":{"start":{"line":187,"column":14},"end":{"line":187,"column":59}},"105":{"start":{"line":188,"column":14},"end":{"line":188,"column":21}},"106":{"start":{"line":191,"column":10},"end":{"line":197,"column":13}},"107":{"start":{"line":192,"column":12},"end":{"line":196,"column":15}},"108":{"start":{"line":193,"column":14},"end":{"line":193,"column":58}},"109":{"start":{"line":194,"column":14},"end":{"line":194,"column":59}},"110":{"start":{"line":195,"column":14},"end":{"line":195,"column":21}},"111":{"start":{"line":217,"column":10},"end":{"line":223,"column":13}},"112":{"start":{"line":218,"column":12},"end":{"line":222,"column":15}},"113":{"start":{"line":219,"column":14},"end":{"line":219,"column":58}},"114":{"start":{"line":220,"column":14},"end":{"line":220,"column":59}},"115":{"start":{"line":221,"column":14},"end":{"line":221,"column":21}},"116":{"start":{"line":276,"column":10},"end":{"line":282,"column":13}},"117":{"start":{"line":277,"column":12},"end":{"line":281,"column":15}},"118":{"start":{"line":278,"column":14},"end":{"line":278,"column":58}},"119":{"start":{"line":279,"column":14},"end":{"line":279,"column":59}},"120":{"start":{"line":280,"column":14},"end":{"line":280,"column":21}},"121":{"start":{"line":301,"column":10},"end":{"line":315,"column":13}},"122":{"start":{"line":302,"column":12},"end":{"line":314,"column":15}},"123":{"start":{"line":303,"column":24},"end":{"line":309,"column":15}},"124":{"start":{"line":310,"column":14},"end":{"line":313,"column":17}},"125":{"start":{"line":311,"column":16},"end":{"line":311,"column":38}},"126":{"start":{"line":312,"column":16},"end":{"line":312,"column":23}}},"fnMap":{"0":{"name":"_interopRequireDefault","decl":{"start":{"line":11,"column":9},"end":{"line":11,"column":31}},"loc":{"start":{"line":11,"column":37},"end":{"line":11,"column":97}},"line":11},"1":{"name":"(anonymous_1)","decl":{"start":{"line":17,"column":52},"end":{"line":17,"column":53}},"loc":{"start":{"line":17,"column":64},"end":{"line":320,"column":1}},"line":17},"2":{"name":"(anonymous_2)","decl":{"start":{"line":24,"column":58},"end":{"line":24,"column":59}},"loc":{"start":{"line":24,"column":70},"end":{"line":319,"column":3}},"line":24},"3":{"name":"(anonymous_3)","decl":{"start":{"line":25,"column":44},"end":{"line":25,"column":45}},"loc":{"start":{"line":25,"column":60},"end":{"line":33,"column":5}},"line":25},"4":{"name":"(anonymous_4)","decl":{"start":{"line":26,"column":79},"end":{"line":26,"column":80}},"loc":{"start":{"line":26,"column":99},"end":{"line":32,"column":7}},"line":26},"5":{"name":"(anonymous_5)","decl":{"start":{"line":34,"column":62},"end":{"line":34,"column":63}},"loc":{"start":{"line":34,"column":74},"end":{"line":45,"column":5}},"line":34},"6":{"name":"(anonymous_6)","decl":{"start":{"line":35,"column":37},"end":{"line":35,"column":38}},"loc":{"start":{"line":35,"column":53},"end":{"line":44,"column":7}},"line":35},"7":{"name":"(anonymous_7)","decl":{"start":{"line":36,"column":87},"end":{"line":36,"column":88}},"loc":{"start":{"line":36,"column":107},"end":{"line":43,"column":9}},"line":36},"8":{"name":"(anonymous_8)","decl":{"start":{"line":46,"column":62},"end":{"line":46,"column":63}},"loc":{"start":{"line":46,"column":74},"end":{"line":55,"column":5}},"line":46},"9":{"name":"(anonymous_9)","decl":{"start":{"line":47,"column":37},"end":{"line":47,"column":38}},"loc":{"start":{"line":47,"column":53},"end":{"line":54,"column":7}},"line":47},"10":{"name":"(anonymous_10)","decl":{"start":{"line":48,"column":87},"end":{"line":48,"column":88}},"loc":{"start":{"line":48,"column":107},"end":{"line":53,"column":9}},"line":48},"11":{"name":"(anonymous_11)","decl":{"start":{"line":56,"column":41},"end":{"line":56,"column":42}},"loc":{"start":{"line":56,"column":53},"end":{"line":318,"column":5}},"line":56},"12":{"name":"(anonymous_12)","decl":{"start":{"line":57,"column":51},"end":{"line":57,"column":52}},"loc":{"start":{"line":57,"column":63},"end":{"line":84,"column":7}},"line":57},"13":{"name":"(anonymous_13)","decl":{"start":{"line":58,"column":29},"end":{"line":58,"column":30}},"loc":{"start":{"line":58,"column":45},"end":{"line":70,"column":9}},"line":58},"14":{"name":"(anonymous_14)","decl":{"start":{"line":65,"column":80},"end":{"line":65,"column":81}},"loc":{"start":{"line":65,"column":100},"end":{"line":69,"column":11}},"line":65},"15":{"name":"(anonymous_15)","decl":{"start":{"line":71,"column":76},"end":{"line":71,"column":77}},"loc":{"start":{"line":71,"column":92},"end":{"line":83,"column":9}},"line":71},"16":{"name":"(anonymous_16)","decl":{"start":{"line":78,"column":80},"end":{"line":78,"column":81}},"loc":{"start":{"line":78,"column":100},"end":{"line":82,"column":11}},"line":78},"17":{"name":"(anonymous_17)","decl":{"start":{"line":85,"column":68},"end":{"line":85,"column":69}},"loc":{"start":{"line":85,"column":84},"end":{"line":91,"column":7}},"line":85},"18":{"name":"(anonymous_18)","decl":{"start":{"line":86,"column":69},"end":{"line":86,"column":70}},"loc":{"start":{"line":86,"column":89},"end":{"line":90,"column":9}},"line":86},"19":{"name":"(anonymous_19)","decl":{"start":{"line":92,"column":69},"end":{"line":92,"column":70}},"loc":{"start":{"line":92,"column":85},"end":{"line":105,"column":7}},"line":92},"20":{"name":"(anonymous_20)","decl":{"start":{"line":98,"column":27},"end":{"line":98,"column":28}},"loc":{"start":{"line":98,"column":47},"end":{"line":104,"column":9}},"line":98},"21":{"name":"(anonymous_21)","decl":{"start":{"line":106,"column":69},"end":{"line":106,"column":70}},"loc":{"start":{"line":106,"column":85},"end":{"line":119,"column":7}},"line":106},"22":{"name":"(anonymous_22)","decl":{"start":{"line":112,"column":27},"end":{"line":112,"column":28}},"loc":{"start":{"line":112,"column":47},"end":{"line":118,"column":9}},"line":112},"23":{"name":"(anonymous_23)","decl":{"start":{"line":120,"column":50},"end":{"line":120,"column":51}},"loc":{"start":{"line":120,"column":62},"end":{"line":317,"column":7}},"line":120},"24":{"name":"(anonymous_24)","decl":{"start":{"line":121,"column":62},"end":{"line":121,"column":63}},"loc":{"start":{"line":121,"column":78},"end":{"line":130,"column":9}},"line":121},"25":{"name":"(anonymous_25)","decl":{"start":{"line":125,"column":29},"end":{"line":125,"column":30}},"loc":{"start":{"line":125,"column":49},"end":{"line":129,"column":11}},"line":125},"26":{"name":"(anonymous_26)","decl":{"start":{"line":131,"column":67},"end":{"line":131,"column":68}},"loc":{"start":{"line":131,"column":83},"end":{"line":137,"column":9}},"line":131},"27":{"name":"(anonymous_27)","decl":{"start":{"line":132,"column":71},"end":{"line":132,"column":72}},"loc":{"start":{"line":132,"column":91},"end":{"line":136,"column":11}},"line":132},"28":{"name":"(anonymous_28)","decl":{"start":{"line":138,"column":69},"end":{"line":138,"column":70}},"loc":{"start":{"line":138,"column":85},"end":{"line":147,"column":9}},"line":138},"29":{"name":"(anonymous_29)","decl":{"start":{"line":142,"column":29},"end":{"line":142,"column":30}},"loc":{"start":{"line":142,"column":49},"end":{"line":146,"column":11}},"line":142},"30":{"name":"(anonymous_30)","decl":{"start":{"line":148,"column":70},"end":{"line":148,"column":71}},"loc":{"start":{"line":148,"column":86},"end":{"line":157,"column":9}},"line":148},"31":{"name":"(anonymous_31)","decl":{"start":{"line":152,"column":29},"end":{"line":152,"column":30}},"loc":{"start":{"line":152,"column":49},"end":{"line":156,"column":11}},"line":152},"32":{"name":"(anonymous_32)","decl":{"start":{"line":158,"column":57},"end":{"line":158,"column":58}},"loc":{"start":{"line":158,"column":73},"end":{"line":168,"column":9}},"line":158},"33":{"name":"(anonymous_33)","decl":{"start":{"line":163,"column":76},"end":{"line":163,"column":77}},"loc":{"start":{"line":163,"column":96},"end":{"line":167,"column":11}},"line":163},"34":{"name":"(anonymous_34)","decl":{"start":{"line":169,"column":39},"end":{"line":169,"column":40}},"loc":{"start":{"line":169,"column":55},"end":{"line":174,"column":9}},"line":169},"35":{"name":"(anonymous_35)","decl":{"start":{"line":170,"column":99},"end":{"line":170,"column":100}},"loc":{"start":{"line":170,"column":119},"end":{"line":173,"column":11}},"line":170},"36":{"name":"(anonymous_36)","decl":{"start":{"line":176,"column":50},"end":{"line":176,"column":51}},"loc":{"start":{"line":176,"column":62},"end":{"line":316,"column":9}},"line":176},"37":{"name":"(anonymous_37)","decl":{"start":{"line":177,"column":80},"end":{"line":177,"column":81}},"loc":{"start":{"line":177,"column":96},"end":{"line":183,"column":11}},"line":177},"38":{"name":"(anonymous_38)","decl":{"start":{"line":178,"column":91},"end":{"line":178,"column":92}},"loc":{"start":{"line":178,"column":111},"end":{"line":182,"column":13}},"line":178},"39":{"name":"(anonymous_39)","decl":{"start":{"line":184,"column":40},"end":{"line":184,"column":41}},"loc":{"start":{"line":184,"column":56},"end":{"line":190,"column":11}},"line":184},"40":{"name":"(anonymous_40)","decl":{"start":{"line":185,"column":93},"end":{"line":185,"column":94}},"loc":{"start":{"line":185,"column":113},"end":{"line":189,"column":13}},"line":185},"41":{"name":"(anonymous_41)","decl":{"start":{"line":191,"column":40},"end":{"line":191,"column":41}},"loc":{"start":{"line":191,"column":56},"end":{"line":197,"column":11}},"line":191},"42":{"name":"(anonymous_42)","decl":{"start":{"line":192,"column":93},"end":{"line":192,"column":94}},"loc":{"start":{"line":192,"column":113},"end":{"line":196,"column":13}},"line":192},"43":{"name":"(anonymous_43)","decl":{"start":{"line":217,"column":40},"end":{"line":217,"column":41}},"loc":{"start":{"line":217,"column":56},"end":{"line":223,"column":11}},"line":217},"44":{"name":"(anonymous_44)","decl":{"start":{"line":218,"column":94},"end":{"line":218,"column":95}},"loc":{"start":{"line":218,"column":114},"end":{"line":222,"column":13}},"line":218},"45":{"name":"(anonymous_45)","decl":{"start":{"line":276,"column":35},"end":{"line":276,"column":36}},"loc":{"start":{"line":276,"column":51},"end":{"line":282,"column":11}},"line":276},"46":{"name":"(anonymous_46)","decl":{"start":{"line":277,"column":89},"end":{"line":277,"column":90}},"loc":{"start":{"line":277,"column":109},"end":{"line":281,"column":13}},"line":277},"47":{"name":"(anonymous_47)","decl":{"start":{"line":301,"column":53},"end":{"line":301,"column":54}},"loc":{"start":{"line":301,"column":65},"end":{"line":315,"column":11}},"line":301},"48":{"name":"(anonymous_48)","decl":{"start":{"line":302,"column":61},"end":{"line":302,"column":62}},"loc":{"start":{"line":302,"column":77},"end":{"line":314,"column":13}},"line":302},"49":{"name":"(anonymous_49)","decl":{"start":{"line":310,"column":68},"end":{"line":310,"column":69}},"loc":{"start":{"line":310,"column":88},"end":{"line":313,"column":15}},"line":310}},"branchMap":{"0":{"loc":{"start":{"line":11,"column":46},"end":{"line":11,"column":94}},"type":"cond-expr","locations":[{"start":{"line":11,"column":70},"end":{"line":11,"column":73}},{"start":{"line":11,"column":76},"end":{"line":11,"column":94}}],"line":11},"1":{"loc":{"start":{"line":11,"column":46},"end":{"line":11,"column":67}},"type":"binary-expr","locations":[{"start":{"line":11,"column":46},"end":{"line":11,"column":49}},{"start":{"line":11,"column":53},"end":{"line":11,"column":67}}],"line":11},"2":{"loc":{"start":{"line":30,"column":8},"end":{"line":30,"column":27}},"type":"if","locations":[{"start":{"line":30,"column":8},"end":{"line":30,"column":27}},{"start":{"line":30,"column":8},"end":{"line":30,"column":27}}],"line":30},"3":{"loc":{"start":{"line":41,"column":10},"end":{"line":41,"column":29}},"type":"if","locations":[{"start":{"line":41,"column":10},"end":{"line":41,"column":29}},{"start":{"line":41,"column":10},"end":{"line":41,"column":29}}],"line":41},"4":{"loc":{"start":{"line":51,"column":10},"end":{"line":51,"column":29}},"type":"if","locations":[{"start":{"line":51,"column":10},"end":{"line":51,"column":29}},{"start":{"line":51,"column":10},"end":{"line":51,"column":29}}],"line":51}},"s":{"0":1,"1":1,"2":1,"3":1,"4":4,"5":1,"6":1,"7":1,"8":1,"9":1,"10":1,"11":1,"12":1,"13":1,"14":0,"15":1,"16":1,"17":1,"18":1,"19":1,"20":1,"21":0,"22":1,"23":1,"24":1,"25":1,"26":1,"27":1,"28":1,"29":0,"30":1,"31":1,"32":1,"33":1,"34":1,"35":1,"36":1,"37":1,"38":1,"39":1,"40":1,"41":1,"42":1,"43":1,"44":1,"45":1,"46":1,"47":1,"48":1,"49":1,"50":1,"51":1,"52":1,"53":1,"54":1,"55":1,"56":1,"57":1,"58":1,"59":1,"60":1,"61":1,"62":1,"63":1,"64":1,"65":1,"66":1,"67":1,"68":1,"69":1,"70":1,"71":1,"72":1,"73":1,"74":1,"75":1,"76":1,"77":1,"78":1,"79":1,"80":1,"81":1,"82":1,"83":1,"84":1,"85":1,"86":1,"87":1,"88":1,"89":1,"90":1,"91":1,"92":1,"93":1,"94":1,"95":1,"96":1,"97":1,"98":1,"99":1,"100":1,"101":1,"102":1,"103":1,"104":1,"105":1,"106":1,"107":1,"108":1,"109":1,"110":1,"111":1,"112":1,"113":1,"114":1,"115":1,"116":1,"117":1,"118":1,"119":1,"120":1,"121":1,"122":1,"123":1,"124":1,"125":1,"126":1},"f":{"0":4,"1":1,"2":1,"3":1,"4":1,"5":1,"6":1,"7":1,"8":1,"9":1,"10":1,"11":1,"12":1,"13":1,"14":1,"15":1,"16":1,"17":1,"18":1,"19":1,"20":1,"21":1,"22":1,"23":1,"24":1,"25":1,"26":1,"27":1,"28":1,"29":1,"30":1,"31":1,"32":1,"33":1,"34":1,"35":1,"36":1,"37":1,"38":1,"39":1,"40":1,"41":1,"42":1,"43":1,"44":1,"45":1,"46":1,"47":1,"48":1,"49":1},"b":{"0":[2,2],"1":[4,4],"2":[0,1],"3":[0,1],"4":[0,1]},"_coverageSchema":"43e27e138ebf9cfc5966b082cf9a028302ed4184","hash":"adfc436eb6a6c37d682857a350984ed6e48e5af3","contentHash":"cbf1e8f506f91dd0037834b8b64596998d87848628619b8bfa7a39e5508ed101"},"C:\\Users\\Maurice\\Desktop\\WayFarer\\server\\app.js":{"path":"C:\\Users\\Maurice\\Desktop\\WayFarer\\server\\app.js","statementMap":{"0":{"start":{"line":3,"column":0},"end":{"line":5,"column":3}},"1":{"start":{"line":6,"column":0},"end":{"line":6,"column":28}},"2":{"start":{"line":8,"column":15},"end":{"line":8,"column":57}},"3":{"start":{"line":10,"column":18},"end":{"line":10,"column":64}},"4":{"start":{"line":12,"column":14},"end":{"line":12,"column":63}},"5":{"start":{"line":14,"column":39},"end":{"line":14,"column":95}},"6":{"start":{"line":16,"column":10},"end":{"line":16,"column":36}},"7":{"start":{"line":17,"column":11},"end":{"line":17,"column":49}},"8":{"start":{"line":18,"column":0},"end":{"line":18,"column":39}},"9":{"start":{"line":19,"column":0},"end":{"line":21,"column":4}},"10":{"start":{"line":22,"column":0},"end":{"line":26,"column":3}},"11":{"start":{"line":23,"column":2},"end":{"line":25,"column":5}},"12":{"start":{"line":27,"column":0},"end":{"line":27,"column":39}},"13":{"start":{"line":28,"column":0},"end":{"line":34,"column":3}},"14":{"start":{"line":29,"column":2},"end":{"line":29,"column":18}},"15":{"start":{"line":30,"column":2},"end":{"line":33,"column":5}},"16":{"start":{"line":35,"column":0},"end":{"line":37,"column":3}},"17":{"start":{"line":36,"column":2},"end":{"line":36,"column":61}},"18":{"start":{"line":38,"column":15},"end":{"line":38,"column":18}},"19":{"start":{"line":39,"column":0},"end":{"line":39,"column":30}}},"fnMap":{"0":{"name":"_interopRequireDefault","decl":{"start":{"line":14,"column":9},"end":{"line":14,"column":31}},"loc":{"start":{"line":14,"column":37},"end":{"line":14,"column":97}},"line":14},"1":{"name":"(anonymous_1)","decl":{"start":{"line":22,"column":13},"end":{"line":22,"column":14}},"loc":{"start":{"line":22,"column":33},"end":{"line":26,"column":1}},"line":22},"2":{"name":"(anonymous_2)","decl":{"start":{"line":28,"column":13},"end":{"line":28,"column":14}},"loc":{"start":{"line":28,"column":33},"end":{"line":34,"column":1}},"line":28},"3":{"name":"(anonymous_3)","decl":{"start":{"line":35,"column":17},"end":{"line":35,"column":18}},"loc":{"start":{"line":35,"column":29},"end":{"line":37,"column":1}},"line":35}},"branchMap":{"0":{"loc":{"start":{"line":14,"column":46},"end":{"line":14,"column":94}},"type":"cond-expr","locations":[{"start":{"line":14,"column":70},"end":{"line":14,"column":73}},{"start":{"line":14,"column":76},"end":{"line":14,"column":94}}],"line":14},"1":{"loc":{"start":{"line":14,"column":46},"end":{"line":14,"column":67}},"type":"binary-expr","locations":[{"start":{"line":14,"column":46},"end":{"line":14,"column":49}},{"start":{"line":14,"column":53},"end":{"line":14,"column":67}}],"line":14},"2":{"loc":{"start":{"line":17,"column":11},"end":{"line":17,"column":49}},"type":"binary-expr","locations":[{"start":{"line":17,"column":11},"end":{"line":17,"column":41}},{"start":{"line":17,"column":45},"end":{"line":17,"column":49}}],"line":17}},"s":{"0":1,"1":1,"2":1,"3":1,"4":1,"5":3,"6":1,"7":1,"8":1,"9":1,"10":1,"11":1,"12":1,"13":1,"14":7,"15":7,"16":1,"17":1,"18":1,"19":1},"f":{"0":3,"1":1,"2":7,"3":1},"b":{"0":[1,2],"1":[3,3],"2":[1,1]},"_coverageSchema":"43e27e138ebf9cfc5966b082cf9a028302ed4184","hash":"6bb144c111259e1b2e59874043d0cdcfa3078bfa","contentHash":"81cf0433a745c032cc2b2835add6a375403c638652d4d270c8a6d265c887333f"},"C:\\Users\\Maurice\\Desktop\\WayFarer\\server\\route\\router.js":{"path":"C:\\Users\\Maurice\\Desktop\\WayFarer\\server\\route\\router.js","statementMap":{"0":{"start":{"line":3,"column":0},"end":{"line":5,"column":3}},"1":{"start":{"line":6,"column":0},"end":{"line":6,"column":28}},"2":{"start":{"line":8,"column":15},"end":{"line":8,"column":57}},"3":{"start":{"line":10,"column":22},"end":{"line":10,"column":85}},"4":{"start":{"line":12,"column":22},"end":{"line":12,"column":85}},"5":{"start":{"line":14,"column":26},"end":{"line":14,"column":93}},"6":{"start":{"line":16,"column":22},"end":{"line":16,"column":85}},"7":{"start":{"line":18,"column":22},"end":{"line":18,"column":85}},"8":{"start":{"line":20,"column":29},"end":{"line":20,"column":99}},"9":{"start":{"line":22,"column":18},"end":{"line":22,"column":77}},"10":{"start":{"line":24,"column":39},"end":{"line":24,"column":95}},"11":{"start":{"line":26,"column":13},"end":{"line":26,"column":41}},"12":{"start":{"line":29,"column":0},"end":{"line":29,"column":104}},"13":{"start":{"line":30,"column":0},"end":{"line":30,"column":103}},"14":{"start":{"line":32,"column":0},"end":{"line":32,"column":133}},"15":{"start":{"line":33,"column":0},"end":{"line":33,"column":111}},"16":{"start":{"line":34,"column":0},"end":{"line":34,"column":123}},"17":{"start":{"line":36,"column":0},"end":{"line":36,"column":161}},"18":{"start":{"line":37,"column":0},"end":{"line":37,"column":105}},"19":{"start":{"line":39,"column":0},"end":{"line":39,"column":118}},"20":{"start":{"line":40,"column":0},"end":{"line":40,"column":128}},"21":{"start":{"line":41,"column":0},"end":{"line":41,"column":129}},"22":{"start":{"line":42,"column":0},"end":{"line":42,"column":112}},"23":{"start":{"line":43,"column":15},"end":{"line":43,"column":21}},"24":{"start":{"line":44,"column":0},"end":{"line":44,"column":30}}},"fnMap":{"0":{"name":"_interopRequireDefault","decl":{"start":{"line":24,"column":9},"end":{"line":24,"column":31}},"loc":{"start":{"line":24,"column":37},"end":{"line":24,"column":97}},"line":24}},"branchMap":{"0":{"loc":{"start":{"line":24,"column":46},"end":{"line":24,"column":94}},"type":"cond-expr","locations":[{"start":{"line":24,"column":70},"end":{"line":24,"column":73}},{"start":{"line":24,"column":76},"end":{"line":24,"column":94}}],"line":24},"1":{"loc":{"start":{"line":24,"column":46},"end":{"line":24,"column":67}},"type":"binary-expr","locations":[{"start":{"line":24,"column":46},"end":{"line":24,"column":49}},{"start":{"line":24,"column":53},"end":{"line":24,"column":67}}],"line":24}},"s":{"0":1,"1":1,"2":1,"3":1,"4":1,"5":1,"6":1,"7":1,"8":1,"9":1,"10":8,"11":1,"12":1,"13":1,"14":1,"15":1,"16":1,"17":1,"18":1,"19":1,"20":1,"21":1,"22":1,"23":1,"24":1},"f":{"0":8},"b":{"0":[7,1],"1":[8,8]},"_coverageSchema":"43e27e138ebf9cfc5966b082cf9a028302ed4184","hash":"0aa0259130c2997b4d18ca27c7b9681795798b30","contentHash":"fe7dd7d58f068d40654508afd2f70a488080877494c620bf2fb6994a62c70aec"},"C:\\Users\\Maurice\\Desktop\\WayFarer\\server\\controller\\userController.js":{"path":"C:\\Users\\Maurice\\Desktop\\WayFarer\\server\\controller\\userController.js","statementMap":{"0":{"start":{"line":3,"column":0},"end":{"line":5,"column":3}},"1":{"start":{"line":6,"column":0},"end":{"line":6,"column":28}},"2":{"start":{"line":8,"column":20},"end":{"line":8,"column":67}},"3":{"start":{"line":10,"column":14},"end":{"line":10,"column":55}},"4":{"start":{"line":12,"column":14},"end":{"line":12,"column":55}},"5":{"start":{"line":14,"column":10},"end":{"line":14,"column":56}},"6":{"start":{"line":16,"column":39},"end":{"line":16,"column":95}},"7":{"start":{"line":18,"column":50},"end":{"line":18,"column":151}},"8":{"start":{"line":18,"column":92},"end":{"line":18,"column":149}},"9":{"start":{"line":20,"column":44},"end":{"line":20,"column":315}},"10":{"start":{"line":20,"column":57},"end":{"line":20,"column":58}},"11":{"start":{"line":20,"column":102},"end":{"line":20,"column":110}},"12":{"start":{"line":20,"column":112},"end":{"line":20,"column":167}},"13":{"start":{"line":20,"column":168},"end":{"line":20,"column":199}},"14":{"start":{"line":20,"column":200},"end":{"line":20,"column":254}},"15":{"start":{"line":20,"column":227},"end":{"line":20,"column":254}},"16":{"start":{"line":20,"column":255},"end":{"line":20,"column":313}},"17":{"start":{"line":22,"column":62},"end":{"line":22,"column":131}},"18":{"start":{"line":22,"column":78},"end":{"line":22,"column":131}},"19":{"start":{"line":22,"column":132},"end":{"line":22,"column":193}},"20":{"start":{"line":22,"column":149},"end":{"line":22,"column":193}},"21":{"start":{"line":22,"column":194},"end":{"line":22,"column":213}},"22":{"start":{"line":24,"column":0},"end":{"line":24,"column":28}},"23":{"start":{"line":28,"column":0},"end":{"line":146,"column":3}},"24":{"start":{"line":30,"column":4},"end":{"line":30,"column":42}},"25":{"start":{"line":33,"column":2},"end":{"line":143,"column":6}},"26":{"start":{"line":36,"column":22},"end":{"line":36,"column":30}},"27":{"start":{"line":37,"column":18},"end":{"line":37,"column":33}},"28":{"start":{"line":38,"column":22},"end":{"line":38,"column":41}},"29":{"start":{"line":39,"column":21},"end":{"line":39,"column":39}},"30":{"start":{"line":40,"column":21},"end":{"line":40,"column":39}},"31":{"start":{"line":42,"column":27},"end":{"line":42,"column":68}},"32":{"start":{"line":44,"column":6},"end":{"line":90,"column":9}},"33":{"start":{"line":45,"column":8},"end":{"line":50,"column":9}},"34":{"start":{"line":46,"column":10},"end":{"line":49,"column":13}},"35":{"start":{"line":52,"column":18},"end":{"line":52,"column":110}},"36":{"start":{"line":53,"column":21},"end":{"line":53,"column":65}},"37":{"start":{"line":55,"column":8},"end":{"line":84,"column":11}},"38":{"start":{"line":57,"column":24},"end":{"line":62,"column":11}},"39":{"start":{"line":64,"column":22},"end":{"line":67,"column":12}},"40":{"start":{"line":69,"column":10},"end":{"line":69,"column":28}},"41":{"start":{"line":70,"column":10},"end":{"line":78,"column":13}},"42":{"start":{"line":80,"column":10},"end":{"line":83,"column":13}},"43":{"start":{"line":86,"column":8},"end":{"line":89,"column":11}},"44":{"start":{"line":95,"column":23},"end":{"line":95,"column":31}},"45":{"start":{"line":96,"column":18},"end":{"line":96,"column":34}},"46":{"start":{"line":97,"column":21},"end":{"line":97,"column":40}},"47":{"start":{"line":99,"column":6},"end":{"line":141,"column":9}},"48":{"start":{"line":100,"column":8},"end":{"line":130,"column":9}},"49":{"start":{"line":101,"column":31},"end":{"line":101,"column":94}},"50":{"start":{"line":103,"column":32},"end":{"line":103,"column":46}},"51":{"start":{"line":105,"column":10},"end":{"line":129,"column":11}},"52":{"start":{"line":106,"column":26},"end":{"line":112,"column":13}},"53":{"start":{"line":114,"column":24},"end":{"line":116,"column":14}},"54":{"start":{"line":119,"column":12},"end":{"line":119,"column":30}},"55":{"start":{"line":120,"column":12},"end":{"line":128,"column":15}},"56":{"start":{"line":132,"column":8},"end":{"line":135,"column":11}},"57":{"start":{"line":137,"column":8},"end":{"line":140,"column":11}},"58":{"start":{"line":145,"column":2},"end":{"line":145,"column":24}},"59":{"start":{"line":148,"column":15},"end":{"line":148,"column":35}},"60":{"start":{"line":150,"column":0},"end":{"line":150,"column":30}}},"fnMap":{"0":{"name":"_interopRequireDefault","decl":{"start":{"line":16,"column":9},"end":{"line":16,"column":31}},"loc":{"start":{"line":16,"column":37},"end":{"line":16,"column":97}},"line":16},"1":{"name":"_classCallCheck","decl":{"start":{"line":18,"column":9},"end":{"line":18,"column":24}},"loc":{"start":{"line":18,"column":48},"end":{"line":18,"column":153}},"line":18},"2":{"name":"_defineProperties","decl":{"start":{"line":20,"column":9},"end":{"line":20,"column":26}},"loc":{"start":{"line":20,"column":42},"end":{"line":20,"column":317}},"line":20},"3":{"name":"_createClass","decl":{"start":{"line":22,"column":9},"end":{"line":22,"column":21}},"loc":{"start":{"line":22,"column":60},"end":{"line":22,"column":215}},"line":22},"4":{"name":"(anonymous_4)","decl":{"start":{"line":28,"column":0},"end":{"line":28,"column":1}},"loc":{"start":{"line":28,"column":12},"end":{"line":146,"column":1}},"line":28},"5":{"name":"UserController","decl":{"start":{"line":29,"column":11},"end":{"line":29,"column":25}},"loc":{"start":{"line":29,"column":28},"end":{"line":31,"column":3}},"line":29},"6":{"name":"signUp","decl":{"start":{"line":35,"column":20},"end":{"line":35,"column":26}},"loc":{"start":{"line":35,"column":37},"end":{"line":91,"column":5}},"line":35},"7":{"name":"(anonymous_7)","decl":{"start":{"line":44,"column":91},"end":{"line":44,"column":92}},"loc":{"start":{"line":44,"column":112},"end":{"line":85,"column":7}},"line":44},"8":{"name":"(anonymous_8)","decl":{"start":{"line":55,"column":47},"end":{"line":55,"column":48}},"loc":{"start":{"line":55,"column":63},"end":{"line":79,"column":9}},"line":55},"9":{"name":"(anonymous_9)","decl":{"start":{"line":79,"column":20},"end":{"line":79,"column":21}},"loc":{"start":{"line":79,"column":35},"end":{"line":84,"column":9}},"line":79},"10":{"name":"(anonymous_10)","decl":{"start":{"line":85,"column":18},"end":{"line":85,"column":19}},"loc":{"start":{"line":85,"column":33},"end":{"line":90,"column":7}},"line":85},"11":{"name":"signIn","decl":{"start":{"line":94,"column":20},"end":{"line":94,"column":26}},"loc":{"start":{"line":94,"column":37},"end":{"line":142,"column":5}},"line":94},"12":{"name":"(anonymous_12)","decl":{"start":{"line":99,"column":90},"end":{"line":99,"column":91}},"loc":{"start":{"line":99,"column":106},"end":{"line":136,"column":7}},"line":99},"13":{"name":"(anonymous_13)","decl":{"start":{"line":136,"column":18},"end":{"line":136,"column":19}},"loc":{"start":{"line":136,"column":33},"end":{"line":141,"column":7}},"line":136}},"branchMap":{"0":{"loc":{"start":{"line":16,"column":46},"end":{"line":16,"column":94}},"type":"cond-expr","locations":[{"start":{"line":16,"column":70},"end":{"line":16,"column":73}},{"start":{"line":16,"column":76},"end":{"line":16,"column":94}}],"line":16},"1":{"loc":{"start":{"line":16,"column":46},"end":{"line":16,"column":67}},"type":"binary-expr","locations":[{"start":{"line":16,"column":46},"end":{"line":16,"column":49}},{"start":{"line":16,"column":53},"end":{"line":16,"column":67}}],"line":16},"2":{"loc":{"start":{"line":18,"column":50},"end":{"line":18,"column":151}},"type":"if","locations":[{"start":{"line":18,"column":50},"end":{"line":18,"column":151}},{"start":{"line":18,"column":50},"end":{"line":18,"column":151}}],"line":18},"3":{"loc":{"start":{"line":20,"column":136},"end":{"line":20,"column":166}},"type":"binary-expr","locations":[{"start":{"line":20,"column":136},"end":{"line":20,"column":157}},{"start":{"line":20,"column":161},"end":{"line":20,"column":166}}],"line":20},"4":{"loc":{"start":{"line":20,"column":200},"end":{"line":20,"column":254}},"type":"if","locations":[{"start":{"line":20,"column":200},"end":{"line":20,"column":254}},{"start":{"line":20,"column":200},"end":{"line":20,"column":254}}],"line":20},"5":{"loc":{"start":{"line":22,"column":62},"end":{"line":22,"column":131}},"type":"if","locations":[{"start":{"line":22,"column":62},"end":{"line":22,"column":131}},{"start":{"line":22,"column":62},"end":{"line":22,"column":131}}],"line":22},"6":{"loc":{"start":{"line":22,"column":132},"end":{"line":22,"column":193}},"type":"if","locations":[{"start":{"line":22,"column":132},"end":{"line":22,"column":193}},{"start":{"line":22,"column":132},"end":{"line":22,"column":193}}],"line":22},"7":{"loc":{"start":{"line":45,"column":8},"end":{"line":50,"column":9}},"type":"if","locations":[{"start":{"line":45,"column":8},"end":{"line":50,"column":9}},{"start":{"line":45,"column":8},"end":{"line":50,"column":9}}],"line":45},"8":{"loc":{"start":{"line":100,"column":8},"end":{"line":130,"column":9}},"type":"if","locations":[{"start":{"line":100,"column":8},"end":{"line":130,"column":9}},{"start":{"line":100,"column":8},"end":{"line":130,"column":9}}],"line":100},"9":{"loc":{"start":{"line":105,"column":10},"end":{"line":129,"column":11}},"type":"if","locations":[{"start":{"line":105,"column":10},"end":{"line":129,"column":11}},{"start":{"line":105,"column":10},"end":{"line":129,"column":11}}],"line":105}},"s":{"0":1,"1":1,"2":1,"3":1,"4":1,"5":1,"6":4,"7":1,"8":0,"9":1,"10":1,"11":2,"12":2,"13":2,"14":2,"15":2,"16":2,"17":1,"18":1,"19":1,"20":0,"21":1,"22":1,"23":1,"24":1,"25":1,"26":2,"27":2,"28":2,"29":2,"30":2,"31":2,"32":2,"33":2,"34":1,"35":1,"36":1,"37":1,"38":1,"39":1,"40":1,"41":1,"42":0,"43":0,"44":1,"45":1,"46":1,"47":1,"48":1,"49":1,"50":1,"51":1,"52":1,"53":1,"54":1,"55":1,"56":0,"57":0,"58":1,"59":1,"60":1},"f":{"0":4,"1":1,"2":1,"3":1,"4":1,"5":1,"6":2,"7":2,"8":1,"9":0,"10":0,"11":1,"12":1,"13":0},"b":{"0":[1,3],"1":[4,4],"2":[0,1],"3":[2,2],"4":[2,0],"5":[1,0],"6":[0,1],"7":[1,1],"8":[1,0],"9":[1,0]},"_coverageSchema":"43e27e138ebf9cfc5966b082cf9a028302ed4184","hash":"95a347222d500bb3f0971afb469cc420dd9bc7a1","contentHash":"040a7e9e7506414522f4c78520d43bbf47df4a7b949519f9671c9d02df76a05a"},"C:\\Users\\Maurice\\Desktop\\WayFarer\\server\\model\\db.js":{"path":"C:\\Users\\Maurice\\Desktop\\WayFarer\\server\\model\\db.js","statementMap":{"0":{"start":{"line":3,"column":0},"end":{"line":5,"column":3}},"1":{"start":{"line":6,"column":0},"end":{"line":6,"column":28}},"2":{"start":{"line":8,"column":10},"end":{"line":8,"column":23}},"3":{"start":{"line":10,"column":14},"end":{"line":10,"column":55}},"4":{"start":{"line":12,"column":14},"end":{"line":12,"column":65}},"5":{"start":{"line":14,"column":39},"end":{"line":14,"column":95}},"6":{"start":{"line":16,"column":10},"end":{"line":16,"column":47}},"7":{"start":{"line":17,"column":0},"end":{"line":17,"column":39}},"8":{"start":{"line":18,"column":13},"end":{"line":18,"column":36}},"9":{"start":{"line":19,"column":0},"end":{"line":19,"column":36}},"10":{"start":{"line":20,"column":23},"end":{"line":20,"column":33}},"11":{"start":{"line":22,"column":0},"end":{"line":22,"column":28}},"12":{"start":{"line":24,"column":9},"end":{"line":26,"column":2}},"13":{"start":{"line":27,"column":0},"end":{"line":32,"column":3}},"14":{"start":{"line":28,"column":2},"end":{"line":28,"column":54}},"15":{"start":{"line":29,"column":2},"end":{"line":29,"column":64}},"16":{"start":{"line":31,"column":2},"end":{"line":31,"column":27}},"17":{"start":{"line":33,"column":15},"end":{"line":33,"column":17}},"18":{"start":{"line":34,"column":0},"end":{"line":34,"column":30}}},"fnMap":{"0":{"name":"_interopRequireDefault","decl":{"start":{"line":14,"column":9},"end":{"line":14,"column":31}},"loc":{"start":{"line":14,"column":37},"end":{"line":14,"column":97}},"line":14},"1":{"name":"(anonymous_1)","decl":{"start":{"line":27,"column":18},"end":{"line":27,"column":19}},"loc":{"start":{"line":27,"column":30},"end":{"line":30,"column":1}},"line":27},"2":{"name":"(anonymous_2)","decl":{"start":{"line":30,"column":12},"end":{"line":30,"column":13}},"loc":{"start":{"line":30,"column":27},"end":{"line":32,"column":1}},"line":30}},"branchMap":{"0":{"loc":{"start":{"line":14,"column":46},"end":{"line":14,"column":94}},"type":"cond-expr","locations":[{"start":{"line":14,"column":70},"end":{"line":14,"column":73}},{"start":{"line":14,"column":76},"end":{"line":14,"column":94}}],"line":14},"1":{"loc":{"start":{"line":14,"column":46},"end":{"line":14,"column":67}},"type":"binary-expr","locations":[{"start":{"line":14,"column":46},"end":{"line":14,"column":49}},{"start":{"line":14,"column":53},"end":{"line":14,"column":67}}],"line":14},"2":{"loc":{"start":{"line":16,"column":10},"end":{"line":16,"column":47}},"type":"binary-expr","locations":[{"start":{"line":16,"column":10},"end":{"line":16,"column":30}},{"start":{"line":16,"column":34},"end":{"line":16,"column":47}}],"line":16}},"s":{"0":1,"1":1,"2":1,"3":1,"4":1,"5":2,"6":1,"7":1,"8":1,"9":1,"10":1,"11":1,"12":1,"13":1,"14":1,"15":1,"16":0,"17":1,"18":1},"f":{"0":2,"1":1,"2":0},"b":{"0":[0,2],"1":[2,2],"2":[1,0]},"_coverageSchema":"43e27e138ebf9cfc5966b082cf9a028302ed4184","hash":"e70b89166330c69c234552d653419d5d24508267","contentHash":"37483cfbb75712d71e36d617952b1b8cdaf2ad0acdd84a505f7fd4b90c476cb2"},"C:\\Users\\Maurice\\Desktop\\WayFarer\\server\\config\\config.js":{"path":"C:\\Users\\Maurice\\Desktop\\WayFarer\\server\\config\\config.js","statementMap":{"0":{"start":{"line":3,"column":0},"end":{"line":3,"column":27}},"1":{"start":{"line":5,"column":0},"end":{"line":15,"column":2}}},"fnMap":{},"branchMap":{},"s":{"0":1,"1":1},"f":{},"b":{},"_coverageSchema":"43e27e138ebf9cfc5966b082cf9a028302ed4184","hash":"b25ab0ddb1f672f03f7f7efbf782c1c1cd3962b0","contentHash":"3c6ce5af35e4b3c76514d620c5ea1dbc741151b8b39ce87719211fe72893ca19"},"C:\\Users\\Maurice\\Desktop\\WayFarer\\server\\controller\\tripController.js":{"path":"C:\\Users\\Maurice\\Desktop\\WayFarer\\server\\controller\\tripController.js","statementMap":{"0":{"start":{"line":3,"column":0},"end":{"line":5,"column":3}},"1":{"start":{"line":6,"column":0},"end":{"line":6,"column":28}},"2":{"start":{"line":8,"column":14},"end":{"line":8,"column":55}},"3":{"start":{"line":10,"column":10},"end":{"line":10,"column":56}},"4":{"start":{"line":12,"column":39},"end":{"line":12,"column":95}},"5":{"start":{"line":14,"column":50},"end":{"line":14,"column":151}},"6":{"start":{"line":14,"column":92},"end":{"line":14,"column":149}},"7":{"start":{"line":16,"column":44},"end":{"line":16,"column":315}},"8":{"start":{"line":16,"column":57},"end":{"line":16,"column":58}},"9":{"start":{"line":16,"column":102},"end":{"line":16,"column":110}},"10":{"start":{"line":16,"column":112},"end":{"line":16,"column":167}},"11":{"start":{"line":16,"column":168},"end":{"line":16,"column":199}},"12":{"start":{"line":16,"column":200},"end":{"line":16,"column":254}},"13":{"start":{"line":16,"column":227},"end":{"line":16,"column":254}},"14":{"start":{"line":16,"column":255},"end":{"line":16,"column":313}},"15":{"start":{"line":18,"column":62},"end":{"line":18,"column":131}},"16":{"start":{"line":18,"column":78},"end":{"line":18,"column":131}},"17":{"start":{"line":18,"column":132},"end":{"line":18,"column":193}},"18":{"start":{"line":18,"column":149},"end":{"line":18,"column":193}},"19":{"start":{"line":18,"column":194},"end":{"line":18,"column":213}},"20":{"start":{"line":20,"column":0},"end":{"line":20,"column":28}},"21":{"start":{"line":30,"column":0},"end":{"line":201,"column":3}},"22":{"start":{"line":32,"column":4},"end":{"line":32,"column":42}},"23":{"start":{"line":35,"column":2},"end":{"line":198,"column":6}},"24":{"start":{"line":46,"column":22},"end":{"line":46,"column":30}},"25":{"start":{"line":47,"column":19},"end":{"line":47,"column":35}},"26":{"start":{"line":48,"column":24},"end":{"line":48,"column":45}},"27":{"start":{"line":49,"column":17},"end":{"line":49,"column":31}},"28":{"start":{"line":50,"column":22},"end":{"line":50,"column":32}},"29":{"start":{"line":51,"column":19},"end":{"line":51,"column":38}},"30":{"start":{"line":52,"column":18},"end":{"line":52,"column":44}},"31":{"start":{"line":54,"column":6},"end":{"line":85,"column":9}},"32":{"start":{"line":55,"column":26},"end":{"line":57,"column":10}},"33":{"start":{"line":56,"column":10},"end":{"line":56,"column":34}},"34":{"start":{"line":59,"column":8},"end":{"line":64,"column":9}},"35":{"start":{"line":60,"column":10},"end":{"line":63,"column":13}},"36":{"start":{"line":66,"column":18},"end":{"line":66,"column":133}},"37":{"start":{"line":67,"column":21},"end":{"line":67,"column":74}},"38":{"start":{"line":69,"column":8},"end":{"line":79,"column":11}},"39":{"start":{"line":70,"column":10},"end":{"line":73,"column":13}},"40":{"start":{"line":75,"column":10},"end":{"line":78,"column":13}},"41":{"start":{"line":81,"column":8},"end":{"line":84,"column":11}},"42":{"start":{"line":98,"column":16},"end":{"line":98,"column":37}},"43":{"start":{"line":100,"column":6},"end":{"line":110,"column":9}},"44":{"start":{"line":101,"column":8},"end":{"line":104,"column":11}},"45":{"start":{"line":106,"column":8},"end":{"line":109,"column":11}},"46":{"start":{"line":123,"column":23},"end":{"line":123,"column":31}},"47":{"start":{"line":124,"column":25},"end":{"line":124,"column":48}},"48":{"start":{"line":125,"column":25},"end":{"line":125,"column":48}},"49":{"start":{"line":126,"column":18},"end":{"line":126,"column":34}},"50":{"start":{"line":127,"column":17},"end":{"line":127,"column":32}},"51":{"start":{"line":128,"column":21},"end":{"line":128,"column":40}},"52":{"start":{"line":129,"column":16},"end":{"line":129,"column":119}},"53":{"start":{"line":130,"column":19},"end":{"line":130,"column":70}},"54":{"start":{"line":132,"column":6},"end":{"line":142,"column":9}},"55":{"start":{"line":133,"column":8},"end":{"line":136,"column":11}},"56":{"start":{"line":138,"column":8},"end":{"line":141,"column":11}},"57":{"start":{"line":147,"column":19},"end":{"line":147,"column":36}},"58":{"start":{"line":148,"column":19},"end":{"line":148,"column":38}},"59":{"start":{"line":149,"column":16},"end":{"line":149,"column":109}},"60":{"start":{"line":151,"column":6},"end":{"line":160,"column":9}},"61":{"start":{"line":152,"column":8},"end":{"line":154,"column":11}},"62":{"start":{"line":156,"column":8},"end":{"line":159,"column":11}},"63":{"start":{"line":165,"column":16},"end":{"line":165,"column":40}},"64":{"start":{"line":167,"column":6},"end":{"line":178,"column":9}},"65":{"start":{"line":168,"column":8},"end":{"line":168,"column":31}},"66":{"start":{"line":169,"column":8},"end":{"line":172,"column":11}},"67":{"start":{"line":174,"column":8},"end":{"line":177,"column":11}},"68":{"start":{"line":183,"column":19},"end":{"line":183,"column":38}},"69":{"start":{"line":184,"column":16},"end":{"line":184,"column":71}},"70":{"start":{"line":186,"column":6},"end":{"line":196,"column":9}},"71":{"start":{"line":187,"column":8},"end":{"line":190,"column":11}},"72":{"start":{"line":192,"column":8},"end":{"line":195,"column":11}},"73":{"start":{"line":200,"column":2},"end":{"line":200,"column":24}},"74":{"start":{"line":203,"column":15},"end":{"line":203,"column":35}},"75":{"start":{"line":205,"column":0},"end":{"line":205,"column":30}}},"fnMap":{"0":{"name":"_interopRequireDefault","decl":{"start":{"line":12,"column":9},"end":{"line":12,"column":31}},"loc":{"start":{"line":12,"column":37},"end":{"line":12,"column":97}},"line":12},"1":{"name":"_classCallCheck","decl":{"start":{"line":14,"column":9},"end":{"line":14,"column":24}},"loc":{"start":{"line":14,"column":48},"end":{"line":14,"column":153}},"line":14},"2":{"name":"_defineProperties","decl":{"start":{"line":16,"column":9},"end":{"line":16,"column":26}},"loc":{"start":{"line":16,"column":42},"end":{"line":16,"column":317}},"line":16},"3":{"name":"_createClass","decl":{"start":{"line":18,"column":9},"end":{"line":18,"column":21}},"loc":{"start":{"line":18,"column":60},"end":{"line":18,"column":215}},"line":18},"4":{"name":"(anonymous_4)","decl":{"start":{"line":30,"column":0},"end":{"line":30,"column":1}},"loc":{"start":{"line":30,"column":12},"end":{"line":201,"column":1}},"line":30},"5":{"name":"TripController","decl":{"start":{"line":31,"column":11},"end":{"line":31,"column":25}},"loc":{"start":{"line":31,"column":28},"end":{"line":33,"column":3}},"line":31},"6":{"name":"createTrip","decl":{"start":{"line":45,"column":20},"end":{"line":45,"column":30}},"loc":{"start":{"line":45,"column":41},"end":{"line":86,"column":5}},"line":45},"7":{"name":"(anonymous_7)","decl":{"start":{"line":54,"column":78},"end":{"line":54,"column":79}},"loc":{"start":{"line":54,"column":93},"end":{"line":80,"column":7}},"line":54},"8":{"name":"(anonymous_8)","decl":{"start":{"line":55,"column":40},"end":{"line":55,"column":41}},"loc":{"start":{"line":55,"column":55},"end":{"line":57,"column":9}},"line":55},"9":{"name":"(anonymous_9)","decl":{"start":{"line":69,"column":47},"end":{"line":69,"column":48}},"loc":{"start":{"line":69,"column":63},"end":{"line":74,"column":9}},"line":69},"10":{"name":"(anonymous_10)","decl":{"start":{"line":74,"column":20},"end":{"line":74,"column":21}},"loc":{"start":{"line":74,"column":35},"end":{"line":79,"column":9}},"line":74},"11":{"name":"(anonymous_11)","decl":{"start":{"line":80,"column":18},"end":{"line":80,"column":19}},"loc":{"start":{"line":80,"column":33},"end":{"line":85,"column":7}},"line":80},"12":{"name":"allTrips","decl":{"start":{"line":97,"column":20},"end":{"line":97,"column":28}},"loc":{"start":{"line":97,"column":39},"end":{"line":111,"column":5}},"line":97},"13":{"name":"(anonymous_13)","decl":{"start":{"line":100,"column":37},"end":{"line":100,"column":38}},"loc":{"start":{"line":100,"column":53},"end":{"line":105,"column":7}},"line":100},"14":{"name":"(anonymous_14)","decl":{"start":{"line":105,"column":18},"end":{"line":105,"column":19}},"loc":{"start":{"line":105,"column":33},"end":{"line":110,"column":7}},"line":105},"15":{"name":"createBus","decl":{"start":{"line":122,"column":20},"end":{"line":122,"column":29}},"loc":{"start":{"line":122,"column":40},"end":{"line":143,"column":5}},"line":122},"16":{"name":"(anonymous_16)","decl":{"start":{"line":132,"column":45},"end":{"line":132,"column":46}},"loc":{"start":{"line":132,"column":61},"end":{"line":137,"column":7}},"line":132},"17":{"name":"(anonymous_17)","decl":{"start":{"line":137,"column":18},"end":{"line":137,"column":19}},"loc":{"start":{"line":137,"column":33},"end":{"line":142,"column":7}},"line":137},"18":{"name":"updateTrip","decl":{"start":{"line":146,"column":20},"end":{"line":146,"column":30}},"loc":{"start":{"line":146,"column":41},"end":{"line":161,"column":5}},"line":146},"19":{"name":"(anonymous_19)","decl":{"start":{"line":151,"column":37},"end":{"line":151,"column":38}},"loc":{"start":{"line":151,"column":49},"end":{"line":155,"column":7}},"line":151},"20":{"name":"(anonymous_20)","decl":{"start":{"line":155,"column":18},"end":{"line":155,"column":19}},"loc":{"start":{"line":155,"column":33},"end":{"line":160,"column":7}},"line":155},"21":{"name":"allBookings","decl":{"start":{"line":164,"column":20},"end":{"line":164,"column":31}},"loc":{"start":{"line":164,"column":42},"end":{"line":179,"column":5}},"line":164},"22":{"name":"(anonymous_22)","decl":{"start":{"line":167,"column":37},"end":{"line":167,"column":38}},"loc":{"start":{"line":167,"column":53},"end":{"line":173,"column":7}},"line":167},"23":{"name":"(anonymous_23)","decl":{"start":{"line":173,"column":18},"end":{"line":173,"column":19}},"loc":{"start":{"line":173,"column":33},"end":{"line":178,"column":7}},"line":173},"24":{"name":"usersBookings","decl":{"start":{"line":182,"column":20},"end":{"line":182,"column":33}},"loc":{"start":{"line":182,"column":44},"end":{"line":197,"column":5}},"line":182},"25":{"name":"(anonymous_25)","decl":{"start":{"line":186,"column":37},"end":{"line":186,"column":38}},"loc":{"start":{"line":186,"column":53},"end":{"line":191,"column":7}},"line":186},"26":{"name":"(anonymous_26)","decl":{"start":{"line":191,"column":18},"end":{"line":191,"column":19}},"loc":{"start":{"line":191,"column":33},"end":{"line":196,"column":7}},"line":191}},"branchMap":{"0":{"loc":{"start":{"line":12,"column":46},"end":{"line":12,"column":94}},"type":"cond-expr","locations":[{"start":{"line":12,"column":70},"end":{"line":12,"column":73}},{"start":{"line":12,"column":76},"end":{"line":12,"column":94}}],"line":12},"1":{"loc":{"start":{"line":12,"column":46},"end":{"line":12,"column":67}},"type":"binary-expr","locations":[{"start":{"line":12,"column":46},"end":{"line":12,"column":49}},{"start":{"line":12,"column":53},"end":{"line":12,"column":67}}],"line":12},"2":{"loc":{"start":{"line":14,"column":50},"end":{"line":14,"column":151}},"type":"if","locations":[{"start":{"line":14,"column":50},"end":{"line":14,"column":151}},{"start":{"line":14,"column":50},"end":{"line":14,"column":151}}],"line":14},"3":{"loc":{"start":{"line":16,"column":136},"end":{"line":16,"column":166}},"type":"binary-expr","locations":[{"start":{"line":16,"column":136},"end":{"line":16,"column":157}},{"start":{"line":16,"column":161},"end":{"line":16,"column":166}}],"line":16},"4":{"loc":{"start":{"line":16,"column":200},"end":{"line":16,"column":254}},"type":"if","locations":[{"start":{"line":16,"column":200},"end":{"line":16,"column":254}},{"start":{"line":16,"column":200},"end":{"line":16,"column":254}}],"line":16},"5":{"loc":{"start":{"line":18,"column":62},"end":{"line":18,"column":131}},"type":"if","locations":[{"start":{"line":18,"column":62},"end":{"line":18,"column":131}},{"start":{"line":18,"column":62},"end":{"line":18,"column":131}}],"line":18},"6":{"loc":{"start":{"line":18,"column":132},"end":{"line":18,"column":193}},"type":"if","locations":[{"start":{"line":18,"column":132},"end":{"line":18,"column":193}},{"start":{"line":18,"column":132},"end":{"line":18,"column":193}}],"line":18},"7":{"loc":{"start":{"line":59,"column":8},"end":{"line":64,"column":9}},"type":"if","locations":[{"start":{"line":59,"column":8},"end":{"line":64,"column":9}},{"start":{"line":59,"column":8},"end":{"line":64,"column":9}}],"line":59}},"s":{"0":1,"1":1,"2":1,"3":1,"4":2,"5":1,"6":0,"7":1,"8":1,"9":6,"10":6,"11":6,"12":6,"13":6,"14":6,"15":1,"16":1,"17":1,"18":0,"19":1,"20":1,"21":1,"22":1,"23":1,"24":0,"25":0,"26":0,"27":0,"28":0,"29":0,"30":0,"31":0,"32":0,"33":0,"34":0,"35":0,"36":0,"37":0,"38":0,"39":0,"40":0,"41":0,"42":0,"43":0,"44":0,"45":0,"46":0,"47":0,"48":0,"49":0,"50":0,"51":0,"52":0,"53":0,"54":0,"55":0,"56":0,"57":1,"58":1,"59":1,"60":1,"61":1,"62":0,"63":0,"64":0,"65":0,"66":0,"67":0,"68":0,"69":0,"70":0,"71":0,"72":0,"73":1,"74":1,"75":1},"f":{"0":2,"1":1,"2":1,"3":1,"4":1,"5":1,"6":0,"7":0,"8":0,"9":0,"10":0,"11":0,"12":0,"13":0,"14":0,"15":0,"16":0,"17":0,"18":1,"19":1,"20":0,"21":0,"22":0,"23":0,"24":0,"25":0,"26":0},"b":{"0":[1,1],"1":[2,2],"2":[0,1],"3":[6,6],"4":[6,0],"5":[1,0],"6":[0,1],"7":[0,0]},"_coverageSchema":"43e27e138ebf9cfc5966b082cf9a028302ed4184","hash":"ae188cb1a5160e3c54de4a53dbe877c5a1788c1c","contentHash":"f2c1b573c6d815128fb9ca0ed766e4b9255768afa8b2a1fdf03840cb41195fb6"},"C:\\Users\\Maurice\\Desktop\\WayFarer\\server\\controller\\bookSeatController.js":{"path":"C:\\Users\\Maurice\\Desktop\\WayFarer\\server\\controller\\bookSeatController.js","statementMap":{"0":{"start":{"line":3,"column":0},"end":{"line":5,"column":3}},"1":{"start":{"line":6,"column":0},"end":{"line":6,"column":28}},"2":{"start":{"line":8,"column":14},"end":{"line":8,"column":55}},"3":{"start":{"line":10,"column":10},"end":{"line":10,"column":56}},"4":{"start":{"line":12,"column":39},"end":{"line":12,"column":95}},"5":{"start":{"line":14,"column":54},"end":{"line":14,"column":73}},"6":{"start":{"line":14,"column":75},"end":{"line":14,"column":173}},"7":{"start":{"line":14,"column":111},"end":{"line":14,"column":171}},"8":{"start":{"line":14,"column":174},"end":{"line":14,"column":297}},"9":{"start":{"line":14,"column":194},"end":{"line":14,"column":297}},"10":{"start":{"line":14,"column":230},"end":{"line":14,"column":293}},"11":{"start":{"line":14,"column":298},"end":{"line":14,"column":310}},"12":{"start":{"line":16,"column":33},"end":{"line":16,"column":513}},"13":{"start":{"line":16,"column":46},"end":{"line":16,"column":47}},"14":{"start":{"line":16,"column":78},"end":{"line":16,"column":511}},"15":{"start":{"line":16,"column":104},"end":{"line":16,"column":144}},"16":{"start":{"line":16,"column":146},"end":{"line":16,"column":239}},"17":{"start":{"line":16,"column":193},"end":{"line":16,"column":235}},"18":{"start":{"line":16,"column":247},"end":{"line":16,"column":511}},"19":{"start":{"line":16,"column":287},"end":{"line":16,"column":367}},"20":{"start":{"line":16,"column":377},"end":{"line":16,"column":509}},"21":{"start":{"line":16,"column":418},"end":{"line":16,"column":505}},"22":{"start":{"line":16,"column":514},"end":{"line":16,"column":528}},"23":{"start":{"line":18,"column":44},"end":{"line":18,"column":195}},"24":{"start":{"line":18,"column":62},"end":{"line":18,"column":166}},"25":{"start":{"line":18,"column":176},"end":{"line":18,"column":193}},"26":{"start":{"line":18,"column":196},"end":{"line":18,"column":207}},"27":{"start":{"line":20,"column":50},"end":{"line":20,"column":151}},"28":{"start":{"line":20,"column":92},"end":{"line":20,"column":149}},"29":{"start":{"line":22,"column":44},"end":{"line":22,"column":315}},"30":{"start":{"line":22,"column":57},"end":{"line":22,"column":58}},"31":{"start":{"line":22,"column":102},"end":{"line":22,"column":110}},"32":{"start":{"line":22,"column":112},"end":{"line":22,"column":167}},"33":{"start":{"line":22,"column":168},"end":{"line":22,"column":199}},"34":{"start":{"line":22,"column":200},"end":{"line":22,"column":254}},"35":{"start":{"line":22,"column":227},"end":{"line":22,"column":254}},"36":{"start":{"line":22,"column":255},"end":{"line":22,"column":313}},"37":{"start":{"line":24,"column":62},"end":{"line":24,"column":131}},"38":{"start":{"line":24,"column":78},"end":{"line":24,"column":131}},"39":{"start":{"line":24,"column":132},"end":{"line":24,"column":193}},"40":{"start":{"line":24,"column":149},"end":{"line":24,"column":193}},"41":{"start":{"line":24,"column":194},"end":{"line":24,"column":213}},"42":{"start":{"line":26,"column":0},"end":{"line":26,"column":28}},"43":{"start":{"line":30,"column":0},"end":{"line":106,"column":3}},"44":{"start":{"line":32,"column":4},"end":{"line":32,"column":35}},"45":{"start":{"line":35,"column":2},"end":{"line":103,"column":6}},"46":{"start":{"line":38,"column":24},"end":{"line":38,"column":44}},"47":{"start":{"line":39,"column":22},"end":{"line":39,"column":32}},"48":{"start":{"line":40,"column":25},"end":{"line":40,"column":36}},"49":{"start":{"line":41,"column":18},"end":{"line":41,"column":36}},"50":{"start":{"line":42,"column":22},"end":{"line":42,"column":44}},"51":{"start":{"line":43,"column":21},"end":{"line":43,"column":42}},"52":{"start":{"line":44,"column":19},"end":{"line":44,"column":38}},"53":{"start":{"line":45,"column":19},"end":{"line":45,"column":46}},"54":{"start":{"line":47,"column":6},"end":{"line":78,"column":9}},"55":{"start":{"line":48,"column":8},"end":{"line":53,"column":9}},"56":{"start":{"line":49,"column":10},"end":{"line":52,"column":13}},"57":{"start":{"line":55,"column":18},"end":{"line":55,"column":113}},"58":{"start":{"line":56,"column":21},"end":{"line":56,"column":61}},"59":{"start":{"line":58,"column":8},"end":{"line":72,"column":11}},"60":{"start":{"line":59,"column":10},"end":{"line":66,"column":13}},"61":{"start":{"line":68,"column":10},"end":{"line":71,"column":13}},"62":{"start":{"line":74,"column":8},"end":{"line":77,"column":11}},"63":{"start":{"line":91,"column":19},"end":{"line":91,"column":38}},"64":{"start":{"line":92,"column":22},"end":{"line":92,"column":42}},"65":{"start":{"line":93,"column":16},"end":{"line":93,"column":100}},"66":{"start":{"line":95,"column":6},"end":{"line":101,"column":9}},"67":{"start":{"line":96,"column":8},"end":{"line":98,"column":11}},"68":{"start":{"line":100,"column":8},"end":{"line":100,"column":30}},"69":{"start":{"line":105,"column":2},"end":{"line":105,"column":17}},"70":{"start":{"line":108,"column":15},"end":{"line":108,"column":28}},"71":{"start":{"line":110,"column":0},"end":{"line":110,"column":30}}},"fnMap":{"0":{"name":"_interopRequireDefault","decl":{"start":{"line":12,"column":9},"end":{"line":12,"column":31}},"loc":{"start":{"line":12,"column":37},"end":{"line":12,"column":97}},"line":12},"1":{"name":"ownKeys","decl":{"start":{"line":14,"column":9},"end":{"line":14,"column":16}},"loc":{"start":{"line":14,"column":41},"end":{"line":14,"column":312}},"line":14},"2":{"name":"(anonymous_2)","decl":{"start":{"line":14,"column":213},"end":{"line":14,"column":214}},"loc":{"start":{"line":14,"column":228},"end":{"line":14,"column":295}},"line":14},"3":{"name":"_objectSpread","decl":{"start":{"line":16,"column":9},"end":{"line":16,"column":22}},"loc":{"start":{"line":16,"column":31},"end":{"line":16,"column":530}},"line":16},"4":{"name":"(anonymous_4)","decl":{"start":{"line":16,"column":176},"end":{"line":16,"column":177}},"loc":{"start":{"line":16,"column":191},"end":{"line":16,"column":237}},"line":16},"5":{"name":"(anonymous_5)","decl":{"start":{"line":16,"column":401},"end":{"line":16,"column":402}},"loc":{"start":{"line":16,"column":416},"end":{"line":16,"column":507}},"line":16},"6":{"name":"_defineProperty","decl":{"start":{"line":18,"column":9},"end":{"line":18,"column":24}},"loc":{"start":{"line":18,"column":42},"end":{"line":18,"column":209}},"line":18},"7":{"name":"_classCallCheck","decl":{"start":{"line":20,"column":9},"end":{"line":20,"column":24}},"loc":{"start":{"line":20,"column":48},"end":{"line":20,"column":153}},"line":20},"8":{"name":"_defineProperties","decl":{"start":{"line":22,"column":9},"end":{"line":22,"column":26}},"loc":{"start":{"line":22,"column":42},"end":{"line":22,"column":317}},"line":22},"9":{"name":"_createClass","decl":{"start":{"line":24,"column":9},"end":{"line":24,"column":21}},"loc":{"start":{"line":24,"column":60},"end":{"line":24,"column":215}},"line":24},"10":{"name":"(anonymous_10)","decl":{"start":{"line":30,"column":0},"end":{"line":30,"column":1}},"loc":{"start":{"line":30,"column":12},"end":{"line":106,"column":1}},"line":30},"11":{"name":"Booking","decl":{"start":{"line":31,"column":11},"end":{"line":31,"column":18}},"loc":{"start":{"line":31,"column":21},"end":{"line":33,"column":3}},"line":31},"12":{"name":"seatBooking","decl":{"start":{"line":37,"column":20},"end":{"line":37,"column":31}},"loc":{"start":{"line":37,"column":42},"end":{"line":79,"column":5}},"line":37},"13":{"name":"(anonymous_13)","decl":{"start":{"line":47,"column":82},"end":{"line":47,"column":83}},"loc":{"start":{"line":47,"column":98},"end":{"line":73,"column":7}},"line":47},"14":{"name":"(anonymous_14)","decl":{"start":{"line":58,"column":47},"end":{"line":58,"column":48}},"loc":{"start":{"line":58,"column":63},"end":{"line":67,"column":9}},"line":58},"15":{"name":"(anonymous_15)","decl":{"start":{"line":67,"column":20},"end":{"line":67,"column":21}},"loc":{"start":{"line":67,"column":35},"end":{"line":72,"column":9}},"line":67},"16":{"name":"(anonymous_16)","decl":{"start":{"line":73,"column":18},"end":{"line":73,"column":19}},"loc":{"start":{"line":73,"column":33},"end":{"line":78,"column":7}},"line":73},"17":{"name":"deleteBooking","decl":{"start":{"line":90,"column":20},"end":{"line":90,"column":33}},"loc":{"start":{"line":90,"column":44},"end":{"line":102,"column":5}},"line":90},"18":{"name":"(anonymous_18)","decl":{"start":{"line":95,"column":37},"end":{"line":95,"column":38}},"loc":{"start":{"line":95,"column":49},"end":{"line":99,"column":7}},"line":95},"19":{"name":"(anonymous_19)","decl":{"start":{"line":99,"column":18},"end":{"line":99,"column":19}},"loc":{"start":{"line":99,"column":31},"end":{"line":101,"column":7}},"line":99}},"branchMap":{"0":{"loc":{"start":{"line":12,"column":46},"end":{"line":12,"column":94}},"type":"cond-expr","locations":[{"start":{"line":12,"column":70},"end":{"line":12,"column":73}},{"start":{"line":12,"column":76},"end":{"line":12,"column":94}}],"line":12},"1":{"loc":{"start":{"line":12,"column":46},"end":{"line":12,"column":67}},"type":"binary-expr","locations":[{"start":{"line":12,"column":46},"end":{"line":12,"column":49}},{"start":{"line":12,"column":53},"end":{"line":12,"column":67}}],"line":12},"2":{"loc":{"start":{"line":14,"column":75},"end":{"line":14,"column":173}},"type":"if","locations":[{"start":{"line":14,"column":75},"end":{"line":14,"column":173}},{"start":{"line":14,"column":75},"end":{"line":14,"column":173}}],"line":14},"3":{"loc":{"start":{"line":14,"column":174},"end":{"line":14,"column":297}},"type":"if","locations":[{"start":{"line":14,"column":174},"end":{"line":14,"column":297}},{"start":{"line":14,"column":174},"end":{"line":14,"column":297}}],"line":14},"4":{"loc":{"start":{"line":16,"column":78},"end":{"line":16,"column":511}},"type":"if","locations":[{"start":{"line":16,"column":78},"end":{"line":16,"column":511}},{"start":{"line":16,"column":78},"end":{"line":16,"column":511}}],"line":16},"5":{"loc":{"start":{"line":16,"column":104},"end":{"line":16,"column":144}},"type":"cond-expr","locations":[{"start":{"line":16,"column":127},"end":{"line":16,"column":139}},{"start":{"line":16,"column":142},"end":{"line":16,"column":144}}],"line":16},"6":{"loc":{"start":{"line":16,"column":247},"end":{"line":16,"column":511}},"type":"if","locations":[{"start":{"line":16,"column":247},"end":{"line":16,"column":511}},{"start":{"line":16,"column":247},"end":{"line":16,"column":511}}],"line":16},"7":{"loc":{"start":{"line":18,"column":44},"end":{"line":18,"column":195}},"type":"if","locations":[{"start":{"line":18,"column":44},"end":{"line":18,"column":195}},{"start":{"line":18,"column":44},"end":{"line":18,"column":195}}],"line":18},"8":{"loc":{"start":{"line":20,"column":50},"end":{"line":20,"column":151}},"type":"if","locations":[{"start":{"line":20,"column":50},"end":{"line":20,"column":151}},{"start":{"line":20,"column":50},"end":{"line":20,"column":151}}],"line":20},"9":{"loc":{"start":{"line":22,"column":136},"end":{"line":22,"column":166}},"type":"binary-expr","locations":[{"start":{"line":22,"column":136},"end":{"line":22,"column":157}},{"start":{"line":22,"column":161},"end":{"line":22,"column":166}}],"line":22},"10":{"loc":{"start":{"line":22,"column":200},"end":{"line":22,"column":254}},"type":"if","locations":[{"start":{"line":22,"column":200},"end":{"line":22,"column":254}},{"start":{"line":22,"column":200},"end":{"line":22,"column":254}}],"line":22},"11":{"loc":{"start":{"line":24,"column":62},"end":{"line":24,"column":131}},"type":"if","locations":[{"start":{"line":24,"column":62},"end":{"line":24,"column":131}},{"start":{"line":24,"column":62},"end":{"line":24,"column":131}}],"line":24},"12":{"loc":{"start":{"line":24,"column":132},"end":{"line":24,"column":193}},"type":"if","locations":[{"start":{"line":24,"column":132},"end":{"line":24,"column":193}},{"start":{"line":24,"column":132},"end":{"line":24,"column":193}}],"line":24},"13":{"loc":{"start":{"line":48,"column":8},"end":{"line":53,"column":9}},"type":"if","locations":[{"start":{"line":48,"column":8},"end":{"line":53,"column":9}},{"start":{"line":48,"column":8},"end":{"line":53,"column":9}}],"line":48}},"s":{"0":1,"1":1,"2":1,"3":1,"4":2,"5":0,"6":0,"7":0,"8":0,"9":0,"10":0,"11":0,"12":0,"13":0,"14":0,"15":0,"16":0,"17":0,"18":0,"19":0,"20":0,"21":0,"22":0,"23":0,"24":0,"25":0,"26":0,"27":1,"28":0,"29":1,"30":1,"31":2,"32":2,"33":2,"34":2,"35":2,"36":2,"37":1,"38":1,"39":1,"40":0,"41":1,"42":1,"43":1,"44":1,"45":1,"46":0,"47":0,"48":0,"49":0,"50":0,"51":0,"52":0,"53":0,"54":0,"55":0,"56":0,"57":0,"58":0,"59":0,"60":0,"61":0,"62":0,"63":0,"64":0,"65":0,"66":0,"67":0,"68":0,"69":1,"70":1,"71":1},"f":{"0":2,"1":0,"2":0,"3":0,"4":0,"5":0,"6":0,"7":1,"8":1,"9":1,"10":1,"11":1,"12":0,"13":0,"14":0,"15":0,"16":0,"17":0,"18":0,"19":0},"b":{"0":[1,1],"1":[2,2],"2":[0,0],"3":[0,0],"4":[0,0],"5":[0,0],"6":[0,0],"7":[0,0],"8":[0,1],"9":[2,2],"10":[2,0],"11":[1,0],"12":[0,1],"13":[0,0]},"_coverageSchema":"43e27e138ebf9cfc5966b082cf9a028302ed4184","hash":"dc671d93f1c6fbedffa712b70e3d816fdeea757b","contentHash":"e69d8891c468eb59646643558627a1e311ba65510fce00a256b93347c78687e1"},"C:\\Users\\Maurice\\Desktop\\WayFarer\\server\\middleware\\userValidation.js":{"path":"C:\\Users\\Maurice\\Desktop\\WayFarer\\server\\middleware\\userValidation.js","statementMap":{"0":{"start":{"line":3,"column":0},"end":{"line":5,"column":3}},"1":{"start":{"line":6,"column":0},"end":{"line":6,"column":28}},"2":{"start":{"line":8,"column":17},"end":{"line":8,"column":61}},"3":{"start":{"line":10,"column":39},"end":{"line":10,"column":95}},"4":{"start":{"line":12,"column":50},"end":{"line":12,"column":151}},"5":{"start":{"line":12,"column":92},"end":{"line":12,"column":149}},"6":{"start":{"line":14,"column":44},"end":{"line":14,"column":315}},"7":{"start":{"line":14,"column":57},"end":{"line":14,"column":58}},"8":{"start":{"line":14,"column":102},"end":{"line":14,"column":110}},"9":{"start":{"line":14,"column":112},"end":{"line":14,"column":167}},"10":{"start":{"line":14,"column":168},"end":{"line":14,"column":199}},"11":{"start":{"line":14,"column":200},"end":{"line":14,"column":254}},"12":{"start":{"line":14,"column":227},"end":{"line":14,"column":254}},"13":{"start":{"line":14,"column":255},"end":{"line":14,"column":313}},"14":{"start":{"line":16,"column":62},"end":{"line":16,"column":131}},"15":{"start":{"line":16,"column":78},"end":{"line":16,"column":131}},"16":{"start":{"line":16,"column":132},"end":{"line":16,"column":193}},"17":{"start":{"line":16,"column":149},"end":{"line":16,"column":193}},"18":{"start":{"line":16,"column":194},"end":{"line":16,"column":213}},"19":{"start":{"line":20,"column":0},"end":{"line":132,"column":3}},"20":{"start":{"line":22,"column":4},"end":{"line":22,"column":41}},"21":{"start":{"line":25,"column":2},"end":{"line":129,"column":6}},"22":{"start":{"line":28,"column":22},"end":{"line":28,"column":30}},"23":{"start":{"line":29,"column":22},"end":{"line":29,"column":41}},"24":{"start":{"line":30,"column":21},"end":{"line":30,"column":39}},"25":{"start":{"line":31,"column":18},"end":{"line":31,"column":33}},"26":{"start":{"line":32,"column":21},"end":{"line":32,"column":39}},"27":{"start":{"line":33,"column":24},"end":{"line":33,"column":26}},"28":{"start":{"line":35,"column":6},"end":{"line":40,"column":7}},"29":{"start":{"line":36,"column":8},"end":{"line":39,"column":11}},"30":{"start":{"line":42,"column":6},"end":{"line":46,"column":7}},"31":{"start":{"line":45,"column":8},"end":{"line":45,"column":89}},"32":{"start":{"line":48,"column":6},"end":{"line":50,"column":7}},"33":{"start":{"line":49,"column":8},"end":{"line":49,"column":69}},"34":{"start":{"line":52,"column":6},"end":{"line":56,"column":7}},"35":{"start":{"line":55,"column":8},"end":{"line":55,"column":86}},"36":{"start":{"line":58,"column":6},"end":{"line":60,"column":7}},"37":{"start":{"line":59,"column":8},"end":{"line":59,"column":67}},"38":{"start":{"line":62,"column":6},"end":{"line":64,"column":7}},"39":{"start":{"line":63,"column":8},"end":{"line":63,"column":60}},"40":{"start":{"line":66,"column":6},"end":{"line":68,"column":7}},"41":{"start":{"line":67,"column":8},"end":{"line":67,"column":60}},"42":{"start":{"line":70,"column":6},"end":{"line":72,"column":7}},"43":{"start":{"line":71,"column":8},"end":{"line":71,"column":77}},"44":{"start":{"line":74,"column":6},"end":{"line":82,"column":7}},"45":{"start":{"line":75,"column":8},"end":{"line":79,"column":9}},"46":{"start":{"line":78,"column":10},"end":{"line":78,"column":88}},"47":{"start":{"line":81,"column":8},"end":{"line":81,"column":55}},"48":{"start":{"line":84,"column":6},"end":{"line":88,"column":7}},"49":{"start":{"line":85,"column":8},"end":{"line":87,"column":11}},"50":{"start":{"line":90,"column":6},"end":{"line":90,"column":13}},"51":{"start":{"line":95,"column":23},"end":{"line":95,"column":31}},"52":{"start":{"line":96,"column":18},"end":{"line":96,"column":34}},"53":{"start":{"line":97,"column":21},"end":{"line":97,"column":40}},"54":{"start":{"line":98,"column":23},"end":{"line":98,"column":25}},"55":{"start":{"line":100,"column":6},"end":{"line":105,"column":7}},"56":{"start":{"line":101,"column":8},"end":{"line":104,"column":11}},"57":{"start":{"line":107,"column":6},"end":{"line":109,"column":7}},"58":{"start":{"line":108,"column":8},"end":{"line":108,"column":59}},"59":{"start":{"line":111,"column":6},"end":{"line":119,"column":7}},"60":{"start":{"line":112,"column":8},"end":{"line":116,"column":9}},"61":{"start":{"line":115,"column":10},"end":{"line":115,"column":87}},"62":{"start":{"line":118,"column":8},"end":{"line":118,"column":54}},"63":{"start":{"line":121,"column":6},"end":{"line":125,"column":7}},"64":{"start":{"line":122,"column":8},"end":{"line":124,"column":11}},"65":{"start":{"line":127,"column":6},"end":{"line":127,"column":13}},"66":{"start":{"line":131,"column":2},"end":{"line":131,"column":23}},"67":{"start":{"line":134,"column":15},"end":{"line":134,"column":34}},"68":{"start":{"line":136,"column":0},"end":{"line":136,"column":30}}},"fnMap":{"0":{"name":"_interopRequireDefault","decl":{"start":{"line":10,"column":9},"end":{"line":10,"column":31}},"loc":{"start":{"line":10,"column":37},"end":{"line":10,"column":97}},"line":10},"1":{"name":"_classCallCheck","decl":{"start":{"line":12,"column":9},"end":{"line":12,"column":24}},"loc":{"start":{"line":12,"column":48},"end":{"line":12,"column":153}},"line":12},"2":{"name":"_defineProperties","decl":{"start":{"line":14,"column":9},"end":{"line":14,"column":26}},"loc":{"start":{"line":14,"column":42},"end":{"line":14,"column":317}},"line":14},"3":{"name":"_createClass","decl":{"start":{"line":16,"column":9},"end":{"line":16,"column":21}},"loc":{"start":{"line":16,"column":60},"end":{"line":16,"column":215}},"line":16},"4":{"name":"(anonymous_4)","decl":{"start":{"line":20,"column":0},"end":{"line":20,"column":1}},"loc":{"start":{"line":20,"column":12},"end":{"line":132,"column":1}},"line":20},"5":{"name":"userValidator","decl":{"start":{"line":21,"column":11},"end":{"line":21,"column":24}},"loc":{"start":{"line":21,"column":27},"end":{"line":23,"column":3}},"line":21},"6":{"name":"signUp","decl":{"start":{"line":27,"column":20},"end":{"line":27,"column":26}},"loc":{"start":{"line":27,"column":43},"end":{"line":91,"column":5}},"line":27},"7":{"name":"signIn","decl":{"start":{"line":94,"column":20},"end":{"line":94,"column":26}},"loc":{"start":{"line":94,"column":43},"end":{"line":128,"column":5}},"line":94}},"branchMap":{"0":{"loc":{"start":{"line":10,"column":46},"end":{"line":10,"column":94}},"type":"cond-expr","locations":[{"start":{"line":10,"column":70},"end":{"line":10,"column":73}},{"start":{"line":10,"column":76},"end":{"line":10,"column":94}}],"line":10},"1":{"loc":{"start":{"line":10,"column":46},"end":{"line":10,"column":67}},"type":"binary-expr","locations":[{"start":{"line":10,"column":46},"end":{"line":10,"column":49}},{"start":{"line":10,"column":53},"end":{"line":10,"column":67}}],"line":10},"2":{"loc":{"start":{"line":12,"column":50},"end":{"line":12,"column":151}},"type":"if","locations":[{"start":{"line":12,"column":50},"end":{"line":12,"column":151}},{"start":{"line":12,"column":50},"end":{"line":12,"column":151}}],"line":12},"3":{"loc":{"start":{"line":14,"column":136},"end":{"line":14,"column":166}},"type":"binary-expr","locations":[{"start":{"line":14,"column":136},"end":{"line":14,"column":157}},{"start":{"line":14,"column":161},"end":{"line":14,"column":166}}],"line":14},"4":{"loc":{"start":{"line":14,"column":200},"end":{"line":14,"column":254}},"type":"if","locations":[{"start":{"line":14,"column":200},"end":{"line":14,"column":254}},{"start":{"line":14,"column":200},"end":{"line":14,"column":254}}],"line":14},"5":{"loc":{"start":{"line":16,"column":62},"end":{"line":16,"column":131}},"type":"if","locations":[{"start":{"line":16,"column":62},"end":{"line":16,"column":131}},{"start":{"line":16,"column":62},"end":{"line":16,"column":131}}],"line":16},"6":{"loc":{"start":{"line":16,"column":132},"end":{"line":16,"column":193}},"type":"if","locations":[{"start":{"line":16,"column":132},"end":{"line":16,"column":193}},{"start":{"line":16,"column":132},"end":{"line":16,"column":193}}],"line":16},"7":{"loc":{"start":{"line":35,"column":6},"end":{"line":40,"column":7}},"type":"if","locations":[{"start":{"line":35,"column":6},"end":{"line":40,"column":7}},{"start":{"line":35,"column":6},"end":{"line":40,"column":7}}],"line":35},"8":{"loc":{"start":{"line":35,"column":10},"end":{"line":35,"column":104}},"type":"binary-expr","locations":[{"start":{"line":35,"column":10},"end":{"line":35,"column":32}},{"start":{"line":35,"column":36},"end":{"line":35,"column":57}},{"start":{"line":35,"column":61},"end":{"line":35,"column":79}},{"start":{"line":35,"column":83},"end":{"line":35,"column":104}}],"line":35},"9":{"loc":{"start":{"line":42,"column":6},"end":{"line":46,"column":7}},"type":"if","locations":[{"start":{"line":42,"column":6},"end":{"line":46,"column":7}},{"start":{"line":42,"column":6},"end":{"line":46,"column":7}}],"line":42},"10":{"loc":{"start":{"line":48,"column":6},"end":{"line":50,"column":7}},"type":"if","locations":[{"start":{"line":48,"column":6},"end":{"line":50,"column":7}},{"start":{"line":48,"column":6},"end":{"line":50,"column":7}}],"line":48},"11":{"loc":{"start":{"line":52,"column":6},"end":{"line":56,"column":7}},"type":"if","locations":[{"start":{"line":52,"column":6},"end":{"line":56,"column":7}},{"start":{"line":52,"column":6},"end":{"line":56,"column":7}}],"line":52},"12":{"loc":{"start":{"line":58,"column":6},"end":{"line":60,"column":7}},"type":"if","locations":[{"start":{"line":58,"column":6},"end":{"line":60,"column":7}},{"start":{"line":58,"column":6},"end":{"line":60,"column":7}}],"line":58},"13":{"loc":{"start":{"line":62,"column":6},"end":{"line":64,"column":7}},"type":"if","locations":[{"start":{"line":62,"column":6},"end":{"line":64,"column":7}},{"start":{"line":62,"column":6},"end":{"line":64,"column":7}}],"line":62},"14":{"loc":{"start":{"line":66,"column":6},"end":{"line":68,"column":7}},"type":"if","locations":[{"start":{"line":66,"column":6},"end":{"line":68,"column":7}},{"start":{"line":66,"column":6},"end":{"line":68,"column":7}}],"line":66},"15":{"loc":{"start":{"line":70,"column":6},"end":{"line":72,"column":7}},"type":"if","locations":[{"start":{"line":70,"column":6},"end":{"line":72,"column":7}},{"start":{"line":70,"column":6},"end":{"line":72,"column":7}}],"line":70},"16":{"loc":{"start":{"line":74,"column":6},"end":{"line":82,"column":7}},"type":"if","locations":[{"start":{"line":74,"column":6},"end":{"line":82,"column":7}},{"start":{"line":74,"column":6},"end":{"line":82,"column":7}}],"line":74},"17":{"loc":{"start":{"line":75,"column":8},"end":{"line":79,"column":9}},"type":"if","locations":[{"start":{"line":75,"column":8},"end":{"line":79,"column":9}},{"start":{"line":75,"column":8},"end":{"line":79,"column":9}}],"line":75},"18":{"loc":{"start":{"line":84,"column":6},"end":{"line":88,"column":7}},"type":"if","locations":[{"start":{"line":84,"column":6},"end":{"line":88,"column":7}},{"start":{"line":84,"column":6},"end":{"line":88,"column":7}}],"line":84},"19":{"loc":{"start":{"line":100,"column":6},"end":{"line":105,"column":7}},"type":"if","locations":[{"start":{"line":100,"column":6},"end":{"line":105,"column":7}},{"start":{"line":100,"column":6},"end":{"line":105,"column":7}}],"line":100},"20":{"loc":{"start":{"line":100,"column":10},"end":{"line":100,"column":53}},"type":"binary-expr","locations":[{"start":{"line":100,"column":10},"end":{"line":100,"column":28}},{"start":{"line":100,"column":32},"end":{"line":100,"column":53}}],"line":100},"21":{"loc":{"start":{"line":107,"column":6},"end":{"line":109,"column":7}},"type":"if","locations":[{"start":{"line":107,"column":6},"end":{"line":109,"column":7}},{"start":{"line":107,"column":6},"end":{"line":109,"column":7}}],"line":107},"22":{"loc":{"start":{"line":111,"column":6},"end":{"line":119,"column":7}},"type":"if","locations":[{"start":{"line":111,"column":6},"end":{"line":119,"column":7}},{"start":{"line":111,"column":6},"end":{"line":119,"column":7}}],"line":111},"23":{"loc":{"start":{"line":112,"column":8},"end":{"line":116,"column":9}},"typ
[...]
n":95}},"4":{"start":{"line":12,"column":50},"end":{"line":12,"column":151}},"5":{"start":{"line":12,"column":92},"end":{"line":12,"column":149}},"6":{"start":{"line":14,"column":44},"end":{"line":14,"column":315}},"7":{"start":{"line":14,"column":57},"end":{"line":14,"column":58}},"8":{"start":{"line":14,"column":102},"end":{"line":14,"column":110}},"9":{"start":{"line":14,"column":112},"end":{"line":14,"column":167}},"10":{"start":{"line":14,"column":168},"end":{"line":14,"column":199}},"11":{"start":{"line":14,"column":200},"end":{"line":14,"column":254}},"12":{"start":{"line":14,"column":227},"end":{"line":14,"column":254}},"13":{"start":{"line":14,"column":255},"end":{"line":14,"column":313}},"14":{"start":{"line":16,"column":62},"end":{"line":16,"column":131}},"15":{"start":{"line":16,"column":78},"end":{"line":16,"column":131}},"16":{"start":{"line":16,"column":132},"end":{"line":16,"column":193}},"17":{"start":{"line":16,"column":149},"end":{"line":16,"column":193}},"18":{"start":{"line":16,"column":194},"end":{"line":16,"column":213}},"19":{"start":{"line":20,"column":0},"end":{"line":142,"column":3}},"20":{"start":{"line":22,"column":4},"end":{"line":22,"column":41}},"21":{"start":{"line":25,"column":2},"end":{"line":139,"column":6}},"22":{"start":{"line":28,"column":22},"end":{"line":28,"column":30}},"23":{"start":{"line":29,"column":19},"end":{"line":29,"column":35}},"24":{"start":{"line":30,"column":24},"end":{"line":30,"column":45}},"25":{"start":{"line":31,"column":17},"end":{"line":31,"column":31}},"26":{"start":{"line":32,"column":24},"end":{"line":32,"column":26}},"27":{"start":{"line":34,"column":6},"end":{"line":39,"column":7}},"28":{"start":{"line":35,"column":8},"end":{"line":38,"column":11}},"29":{"start":{"line":41,"column":6},"end":{"line":47,"column":7}},"30":{"start":{"line":42,"column":8},"end":{"line":44,"column":9}},"31":{"start":{"line":43,"column":10},"end":{"line":43,"column":55}},"32":{"start":{"line":46,"column":8},"end":{"line":46,"column":75}},"33":{"start":{"line":49,"column":6},"end":{"line":55,"column":7}},"34":{"start":{"line":50,"column":8},"end":{"line":52,"column":9}},"35":{"start":{"line":51,"column":10},"end":{"line":51,"column":60}},"36":{"start":{"line":54,"column":8},"end":{"line":54,"column":80}},"37":{"start":{"line":57,"column":6},"end":{"line":59,"column":7}},"38":{"start":{"line":58,"column":8},"end":{"line":58,"column":51}},"39":{"start":{"line":61,"column":6},"end":{"line":63,"column":7}},"40":{"start":{"line":62,"column":8},"end":{"line":62,"column":63}},"41":{"start":{"line":65,"column":6},"end":{"line":69,"column":7}},"42":{"start":{"line":66,"column":8},"end":{"line":68,"column":11}},"43":{"start":{"line":71,"column":6},"end":{"line":71,"column":13}},"44":{"start":{"line":76,"column":23},"end":{"line":76,"column":31}},"45":{"start":{"line":77,"column":25},"end":{"line":77,"column":48}},"46":{"start":{"line":78,"column":25},"end":{"line":78,"column":48}},"47":{"start":{"line":79,"column":18},"end":{"line":79,"column":34}},"48":{"start":{"line":80,"column":17},"end":{"line":80,"column":32}},"49":{"start":{"line":81,"column":21},"end":{"line":81,"column":40}},"50":{"start":{"line":82,"column":24},"end":{"line":82,"column":26}},"51":{"start":{"line":84,"column":6},"end":{"line":89,"column":7}},"52":{"start":{"line":85,"column":8},"end":{"line":88,"column":11}},"53":{"start":{"line":91,"column":6},"end":{"line":97,"column":7}},"54":{"start":{"line":92,"column":8},"end":{"line":94,"column":9}},"55":{"start":{"line":93,"column":10},"end":{"line":93,"column":61}},"56":{"start":{"line":96,"column":8},"end":{"line":96,"column":81}},"57":{"start":{"line":99,"column":6},"end":{"line":105,"column":7}},"58":{"start":{"line":100,"column":8},"end":{"line":102,"column":9}},"59":{"start":{"line":101,"column":10},"end":{"line":101,"column":61}},"60":{"start":{"line":104,"column":8},"end":{"line":104,"column":81}},"61":{"start":{"line":107,"column":6},"end":{"line":113,"column":7}},"62":{"start":{"line":108,"column":8},"end":{"line":110,"column":9}},"63":{"start":{"line":109,"column":10},"end":{"line":109,"column":54}},"64":{"start":{"line":112,"column":8},"end":{"line":112,"column":74}},"65":{"start":{"line":115,"column":6},"end":{"line":117,"column":7}},"66":{"start":{"line":116,"column":8},"end":{"line":116,"column":51}},"67":{"start":{"line":119,"column":6},"end":{"line":121,"column":7}},"68":{"start":{"line":120,"column":8},"end":{"line":120,"column":63}},"69":{"start":{"line":123,"column":6},"end":{"line":125,"column":7}},"70":{"start":{"line":124,"column":8},"end":{"line":124,"column":55}},"71":{"start":{"line":127,"column":6},"end":{"line":129,"column":7}},"72":{"start":{"line":128,"column":8},"end":{"line":128,"column":67}},"73":{"start":{"line":131,"column":6},"end":{"line":135,"column":7}},"74":{"start":{"line":132,"column":8},"end":{"line":134,"column":11}},"75":{"start":{"line":137,"column":6},"end":{"line":137,"column":13}},"76":{"start":{"line":141,"column":2},"end":{"line":141,"column":23}},"77":{"start":{"line":144,"column":15},"end":{"line":144,"column":34}},"78":{"start":{"line":146,"column":0},"end":{"line":146,"column":30}}},"fnMap":{"0":{"name":"_interopRequireDefault","decl":{"start":{"line":10,"column":9},"end":{"line":10,"column":31}},"loc":{"start":{"line":10,"column":37},"end":{"line":10,"column":97}},"line":10},"1":{"name":"_classCallCheck","decl":{"start":{"line":12,"column":9},"end":{"line":12,"column":24}},"loc":{"start":{"line":12,"column":48},"end":{"line":12,"column":153}},"line":12},"2":{"name":"_defineProperties","decl":{"start":{"line":14,"column":9},"end":{"line":14,"column":26}},"loc":{"start":{"line":14,"column":42},"end":{"line":14,"column":317}},"line":14},"3":{"name":"_createClass","decl":{"start":{"line":16,"column":9},"end":{"line":16,"column":21}},"loc":{"start":{"line":16,"column":60},"end":{"line":16,"column":215}},"line":16},"4":{"name":"(anonymous_4)","decl":{"start":{"line":20,"column":0},"end":{"line":20,"column":1}},"loc":{"start":{"line":20,"column":12},"end":{"line":142,"column":1}},"line":20},"5":{"name":"tripValidator","decl":{"start":{"line":21,"column":11},"end":{"line":21,"column":24}},"loc":{"start":{"line":21,"column":27},"end":{"line":23,"column":3}},"line":21},"6":{"name":"createTrip","decl":{"start":{"line":27,"column":20},"end":{"line":27,"column":30}},"loc":{"start":{"line":27,"column":47},"end":{"line":72,"column":5}},"line":27},"7":{"name":"createBus","decl":{"start":{"line":75,"column":20},"end":{"line":75,"column":29}},"loc":{"start":{"line":75,"column":46},"end":{"line":138,"column":5}},"line":75}},"branchMap":{"0":{"loc":{"start":{"line":10,"column":46},"end":{"line":10,"column":94}},"type":"cond-expr","locations":[{"start":{"line":10,"column":70},"end":{"line":10,"column":73}},{"start":{"line":10,"column":76},"end":{"line":10,"column":94}}],"line":10},"1":{"loc":{"start":{"line":10,"column":46},"end":{"line":10,"column":67}},"type":"binary-expr","locations":[{"start":{"line":10,"column":46},"end":{"line":10,"column":49}},{"start":{"line":10,"column":53},"end":{"line":10,"column":67}}],"line":10},"2":{"loc":{"start":{"line":12,"column":50},"end":{"line":12,"column":151}},"type":"if","locations":[{"start":{"line":12,"column":50},"end":{"line":12,"column":151}},{"start":{"line":12,"column":50},"end":{"line":12,"column":151}}],"line":12},"3":{"loc":{"start":{"line":14,"column":136},"end":{"line":14,"column":166}},"type":"binary-expr","locations":[{"start":{"line":14,"column":136},"end":{"line":14,"column":157}},{"start":{"line":14,"column":161},"end":{"line":14,"column":166}}],"line":14},"4":{"loc":{"start":{"line":14,"column":200},"end":{"line":14,"column":254}},"type":"if","locations":[{"start":{"line":14,"column":200},"end":{"line":14,"column":254}},{"start":{"line":14,"column":200},"end":{"line":14,"column":254}}],"line":14},"5":{"loc":{"start":{"line":16,"column":62},"end":{"line":16,"column":131}},"type":"if","locations":[{"start":{"line":16,"column":62},"end":{"line":16,"column":131}},{"start":{"line":16,"column":62},"end":{"line":16,"column":131}}],"line":16},"6":{"loc":{"start":{"line":16,"column":132},"end":{"line":16,"column":193}},"type":"if","locations":[{"start":{"line":16,"column":132},"end":{"line":16,"column":193}},{"start":{"line":16,"column":132},"end":{"line":16,"column":193}}],"line":16},"7":{"loc":{"start":{"line":34,"column":6},"end":{"line":39,"column":7}},"type":"if","locations":[{"start":{"line":34,"column":6},"end":{"line":39,"column":7}},{"start":{"line":34,"column":6},"end":{"line":39,"column":7}}],"line":34},"8":{"loc":{"start":{"line":34,"column":10},"end":{"line":34,"column":78}},"type":"binary-expr","locations":[{"start":{"line":34,"column":10},"end":{"line":34,"column":29}},{"start":{"line":34,"column":33},"end":{"line":34,"column":57}},{"start":{"line":34,"column":61},"end":{"line":34,"column":78}}],"line":34},"9":{"loc":{"start":{"line":41,"column":6},"end":{"line":47,"column":7}},"type":"if","locations":[{"start":{"line":41,"column":6},"end":{"line":47,"column":7}},{"start":{"line":41,"column":6},"end":{"line":47,"column":7}}],"line":41},"10":{"loc":{"start":{"line":42,"column":8},"end":{"line":44,"column":9}},"type":"if","locations":[{"start":{"line":42,"column":8},"end":{"line":44,"column":9}},{"start":{"line":42,"column":8},"end":{"line":44,"column":9}}],"line":42},"11":{"loc":{"start":{"line":49,"column":6},"end":{"line":55,"column":7}},"type":"if","locations":[{"start":{"line":49,"column":6},"end":{"line":55,"column":7}},{"start":{"line":49,"column":6},"end":{"line":55,"column":7}}],"line":49},"12":{"loc":{"start":{"line":50,"column":8},"end":{"line":52,"column":9}},"type":"if","locations":[{"start":{"line":50,"column":8},"end":{"line":52,"column":9}},{"start":{"line":50,"column":8},"end":{"line":52,"column":9}}],"line":50},"13":{"loc":{"start":{"line":57,"column":6},"end":{"line":59,"column":7}},"type":"if","locations":[{"start":{"line":57,"column":6},"end":{"line":59,"column":7}},{"start":{"line":57,"column":6},"end":{"line":59,"column":7}}],"line":57},"14":{"loc":{"start":{"line":61,"column":6},"end":{"line":63,"column":7}},"type":"if","locations":[{"start":{"line":61,"column":6},"end":{"line":63,"column":7}},{"start":{"line":61,"column":6},"end":{"line":63,"column":7}}],"line":61},"15":{"loc":{"start":{"line":65,"column":6},"end":{"line":69,"column":7}},"type":"if","locations":[{"start":{"line":65,"column":6},"end":{"line":69,"column":7}},{"start":{"line":65,"column":6},"end":{"line":69,"column":7}}],"line":65},"16":{"loc":{"start":{"line":84,"column":6},"end":{"line":89,"column":7}},"type":"if","locations":[{"start":{"line":84,"column":6},"end":{"line":89,"column":7}},{"start":{"line":84,"column":6},"end":{"line":89,"column":7}}],"line":84},"17":{"loc":{"start":{"line":84,"column":10},"end":{"line":84,"column":132}},"type":"binary-expr","locations":[{"start":{"line":84,"column":10},"end":{"line":84,"column":35}},{"start":{"line":84,"column":39},"end":{"line":84,"column":64}},{"start":{"line":84,"column":68},"end":{"line":84,"column":86}},{"start":{"line":84,"column":90},"end":{"line":84,"column":107}},{"start":{"line":84,"column":111},"end":{"line":84,"column":132}}],"line":84},"18":{"loc":{"start":{"line":91,"column":6},"end":{"line":97,"column":7}},"type":"if","locations":[{"start":{"line":91,"column":6},"end":{"line":97,"column":7}},{"start":{"line":91,"column":6},"end":{"line":97,"column":7}}],"line":91},"19":{"loc":{"start":{"line":92,"column":8},"end":{"line":94,"column":9}},"type":"if","locations":[{"start":{"line":92,"column":8},"end":{"line":94,"column":9}},{"start":{"line":92,"column":8},"end":{"line":94,"column":9}}],"line":92},"20":{"loc":{"start":{"line":99,"column":6},"end":{"line":105,"column":7}},"type":"if","locations":[{"start":{"line":99,"column":6},"end":{"line":105,"column":7}},{"start":{"line":99,"column":6},"end":{"line":105,"column":7}}],"line":99},"21":{"loc":{"start":{"line":100,"column":8},"end":{"line":102,"column":9}},"type":"if","locations":[{"start":{"line":100,"column":8},"end":{"line":102,"column":9}},{"start":{"line":100,"column":8},"end":{"line":102,"column":9}}],"line":100},"22":{"loc":{"start":{"line":107,"column":6},"end":{"line":113,"column":7}},"type":"if","locations":[{"start":{"line":107,"column":6},"end":{"line":113,"column":7}},{"start":{"line":107,"column":6},"end":{"line":113,"column":7}}],"line":107},"23":{"loc":{"start":{"line":108,"column":8},"end":{"line":110,"column":9}},"type":"if","locations":[{"start":{"line":108,"column":8},"end":{"line":110,"column":9}},{"start":{"line":108,"column":8},"end":{"line":110,"column":9}}],"line":108},"24":{"loc":{"start":{"line":115,"column":6},"end":{"line":117,"column":7}},"type":"if","locations":[{"start":{"line":115,"column":6},"end":{"line":117,"column":7}},{"start":{"line":115,"column":6},"end":{"line":117,"column":7}}],"line":115},"25":{"loc":{"start":{"line":119,"column":6},"end":{"line":121,"column":7}},"type":"if","locations":[{"start":{"line":119,"column":6},"end":{"line":121,"column":7}},{"start":{"line":119,"column":6},"end":{"line":121,"column":7}}],"line":119},"26":{"loc":{"start":{"line":123,"column":6},"end":{"line":125,"column":7}},"type":"if","locations":[{"start":{"line":123,"column":6},"end":{"line":125,"column":7}},{"start":{"line":123,"column":6},"end":{"line":125,"column":7}}],"line":123},"27":{"loc":{"start":{"line":127,"column":6},"end":{"line":129,"column":7}},"type":"if","locations":[{"start":{"line":127,"column":6},"end":{"line":129,"column":7}},{"start":{"line":127,"column":6},"end":{"line":129,"column":7}}],"line":127},"28":{"loc":{"start":{"line":131,"column":6},"end":{"line":135,"column":7}},"type":"if","locations":[{"start":{"line":131,"column":6},"end":{"line":135,"column":7}},{"start":{"line":131,"column":6},"end":{"line":135,"column":7}}],"line":131}},"s":{"0":1,"1":1,"2":1,"3":1,"4":1,"5":0,"6":1,"7":1,"8":2,"9":2,"10":2,"11":2,"12":2,"13":2,"14":1,"15":1,"16":1,"17":0,"18":1,"19":1,"20":1,"21":1,"22":0,"23":0,"24":0,"25":0,"26":0,"27":0,"28":0,"29":0,"30":0,"31":0,"32":0,"33":0,"34":0,"35":0,"36":0,"37":0,"38":0,"39":0,"40":0,"41":0,"42":0,"43":0,"44":0,"45":0,"46":0,"47":0,"48":0,"49":0,"50":0,"51":0,"52":0,"53":0,"54":0,"55":0,"56":0,"57":0,"58":0,"59":0,"60":0,"61":0,"62":0,"63":0,"64":0,"65":0,"66":0,"67":0,"68":0,"69":0,"70":0,"71":0,"72":0,"73":0,"74":0,"75":0,"76":1,"77":1,"78":1},"f":{"0":1,"1":1,"2":1,"3":1,"4":1,"5":1,"6":0,"7":0},"b":{"0":[0,1],"1":[1,1],"2":[0,1],"3":[2,2],"4":[2,0],"5":[1,0],"6":[0,1],"7":[0,0],"8":[0,0,0],"9":[0,0],"10":[0,0],"11":[0,0],"12":[0,0],"13":[0,0],"14":[0,0],"15":[0,0],"16":[0,0],"17":[0,0,0,0,0],"18":[0,0],"19":[0,0],"20":[0,0],"21":[0,0],"22":[0,0],"23":[0,0],"24":[0,0],"25":[0,0],"26":[0,0],"27":[0,0],"28":[0,0]},"_coverageSchema":"43e27e138ebf9cfc5966b082cf9a028302ed4184","hash":"0bdd6b5d9495659b161e5016cf875167e781ba47","contentHash":"d989f95f4b61095585b11c37183dc7922db021e420edd40fcf9513eea22119d5"},"C:\\Users\\Maurice\\Desktop\\WayFarer\\server\\middleware\\tokenAuthentification.js":{"path":"C:\\Users\\Maurice\\Desktop\\WayFarer\\server\\middleware\\tokenAuthentification.js","statementMap":{"0":{"start":{"line":3,"column":0},"end":{"line":5,"column":3}},"1":{"start":{"line":6,"column":0},"end":{"line":6,"column":28}},"2":{"start":{"line":8,"column":20},"end":{"line":8,"column":67}},"3":{"start":{"line":10,"column":14},"end":{"line":10,"column":55}},"4":{"start":{"line":12,"column":39},"end":{"line":12,"column":95}},"5":{"start":{"line":14,"column":0},"end":{"line":14,"column":28}},"6":{"start":{"line":16,"column":16},"end":{"line":39,"column":1}},"7":{"start":{"line":17,"column":14},"end":{"line":17,"column":80}},"8":{"start":{"line":19,"column":2},"end":{"line":38,"column":3}},"9":{"start":{"line":20,"column":4},"end":{"line":31,"column":7}},"10":{"start":{"line":21,"column":6},"end":{"line":30,"column":7}},"11":{"start":{"line":22,"column":8},"end":{"line":22,"column":24}},"12":{"start":{"line":23,"column":8},"end":{"line":26,"column":11}},"13":{"start":{"line":28,"column":8},"end":{"line":28,"column":30}},"14":{"start":{"line":29,"column":8},"end":{"line":29,"column":15}},"15":{"start":{"line":33,"column":4},"end":{"line":33,"column":20}},"16":{"start":{"line":34,"column":4},"end":{"line":37,"column":7}},"17":{"start":{"line":41,"column":15},"end":{"line":41,"column":24}},"18":{"start":{"line":42,"column":0},"end":{"line":42,"column":30}}},"fnMap":{"0":{"name":"_interopRequireDefault","decl":{"start":{"line":12,"column":9},"end":{"line":12,"column":31}},"loc":{"start":{"line":12,"column":37},"end":{"line":12,"column":97}},"line":12},"1":{"name":"authToken","decl":{"start":{"line":16,"column":25},"end":{"line":16,"column":34}},"loc":{"start":{"line":16,"column":51},"end":{"line":39,"column":1}},"line":16},"2":{"name":"(anonymous_2)","decl":{"start":{"line":20,"column":67},"end":{"line":20,"column":68}},"loc":{"start":{"line":20,"column":91},"end":{"line":31,"column":5}},"line":20}},"branchMap":{"0":{"loc":{"start":{"line":12,"column":46},"end":{"line":12,"column":94}},"type":"cond-expr","locations":[{"start":{"line":12,"column":70},"end":{"line":12,"column":73}},{"start":{"line":12,"column":76},"end":{"line":12,"column":94}}],"line":12},"1":{"loc":{"start":{"line":12,"column":46},"end":{"line":12,"column":67}},"type":"binary-expr","locations":[{"start":{"line":12,"column":46},"end":{"line":12,"column":49}},{"start":{"line":12,"column":53},"end":{"line":12,"column":67}}],"line":12},"2":{"loc":{"start":{"line":17,"column":14},"end":{"line":17,"column":80}},"type":"binary-expr","locations":[{"start":{"line":17,"column":14},"end":{"line":17,"column":28}},{"start":{"line":17,"column":32},"end":{"line":17,"column":47}},{"start":{"line":17,"column":51},"end":{"line":17,"column":80}}],"line":17},"3":{"loc":{"start":{"line":19,"column":2},"end":{"line":38,"column":3}},"type":"if","locations":[{"start":{"line":19,"column":2},"end":{"line":38,"column":3}},{"start":{"line":19,"column":2},"end":{"line":38,"column":3}}],"line":19},"4":{"loc":{"start":{"line":21,"column":6},"end":{"line":30,"column":7}},"type":"if","locations":[{"start":{"line":21,"column":6},"end":{"line":30,"column":7}},{"start":{"line":21,"column":6},"end":{"line":30,"column":7}}],"line":21}},"s":{"0":1,"1":1,"2":1,"3":1,"4":2,"5":1,"6":1,"7":4,"8":4,"9":3,"10":3,"11":2,"12":2,"13":1,"14":1,"15":1,"16":1,"17":1,"18":1},"f":{"0":2,"1":4,"2":3},"b":{"0":[0,2],"1":[2,2],"2":[4,4,4],"3":[3,1],"4":[2,1]},"_coverageSchema":"43e27e138ebf9cfc5966b082cf9a028302ed4184","hash":"8a36b87fd6a49420d70cdaf6b2bc2408b8277aff","contentHash":"24712a9a5624558716c0a0663479eeb38867eb436e3045f3c7165a7fdd7e2716"},"C:\\Users\\Maurice\\Desktop\\WayFarer\\server\\middleware\\checkAdmin.js":{"path":"C:\\Users\\Maurice\\Desktop\\WayFarer\\server\\middleware\\checkAdmin.js","statementMap":{"0":{"start":{"line":3,"column":0},"end":{"line":5,"column":3}},"1":{"start":{"line":6,"column":0},"end":{"line":6,"column":28}},"2":{"start":{"line":8,"column":17},"end":{"line":12,"column":1}},"3":{"start":{"line":9,"column":2},"end":{"line":11,"column":5}},"4":{"start":{"line":14,"column":15},"end":{"line":14,"column":25}},"5":{"start":{"line":15,"column":0},"end":{"line":15,"column":30}}},"fnMap":{"0":{"name":"checkAdmin","decl":{"start":{"line":8,"column":26},"end":{"line":8,"column":36}},"loc":{"start":{"line":8,"column":53},"end":{"line":12,"column":1}},"line":8}},"branchMap":{"0":{"loc":{"start":{"line":9,"column":2},"end":{"line":11,"column":4}},"type":"cond-expr","locations":[{"start":{"line":9,"column":25},"end":{"line":9,"column":31}},{"start":{"line":9,"column":34},"end":{"line":11,"column":4}}],"line":9}},"s":{"0":1,"1":1,"2":1,"3":0,"4":1,"5":1},"f":{"0":0},"b":{"0":[0,0]},"_coverageSchema":"43e27e138ebf9cfc5966b082cf9a028302ed4184","hash":"aed2fbc64e49106018b434e88188b07ed5148e9a","contentHash":"4d5f5e85cee26a059ca4bb00c5e6642e0909ee525874dffca99cd36a6c789cb0"}}